<?xml version="1.0" encoding="UTF-8"?>
<testsuite name="co.com.ceiba.parkinglotpaulo.service.MotorbikeServiceUnitTests" tests="6" skipped="0" failures="0" errors="0" timestamp="2018-02-02T16:31:54" hostname="PAULO-GARCIA" time="0.037">
  <properties/>
  <testcase name="canParkNonRestrictedMotorbike" classname="co.com.ceiba.parkinglotpaulo.service.MotorbikeServiceUnitTests" time="0.006"/>
  <testcase name="canGetOutParkedMotorbike" classname="co.com.ceiba.parkinglotpaulo.service.MotorbikeServiceUnitTests" time="0.005"/>
  <testcase name="cantGetOutNonParkedMotorbike" classname="co.com.ceiba.parkinglotpaulo.service.MotorbikeServiceUnitTests" time="0.004"/>
  <testcase name="plateBeginningInACantParkOutsideOfSundaysAndMondays" classname="co.com.ceiba.parkinglotpaulo.service.MotorbikeServiceUnitTests" time="0.004"/>
  <testcase name="cantParkAlreadyParkedMotorbike" classname="co.com.ceiba.parkinglotpaulo.service.MotorbikeServiceUnitTests" time="0.004"/>
  <testcase name="cantParkIfMotorbikePakingLotIsFull" classname="co.com.ceiba.parkinglotpaulo.service.MotorbikeServiceUnitTests" time="0.004"/>
  <system-out><![CDATA[2018-02-02 11:31:53.302  INFO 996 --- [    Test worker] .b.t.c.SpringBootTestContextBootstrapper : Neither @ContextConfiguration nor @ContextHierarchy found for test class [co.com.ceiba.parkinglotpaulo.service.MotorbikeServiceUnitTests], using SpringBootContextLoader
2018-02-02 11:31:53.303  INFO 996 --- [    Test worker] o.s.t.c.support.AbstractContextLoader    : Could not detect default resource locations for test class [co.com.ceiba.parkinglotpaulo.service.MotorbikeServiceUnitTests]: no resource found for suffixes {-context.xml, Context.groovy}.
2018-02-02 11:31:53.309  INFO 996 --- [    Test worker] .b.t.c.SpringBootTestContextBootstrapper : Loaded default TestExecutionListener class names from location [META-INF/spring.factories]: [org.springframework.boot.test.autoconfigure.restdocs.RestDocsTestExecutionListener, org.springframework.boot.test.autoconfigure.web.client.MockRestServiceServerResetTestExecutionListener, org.springframework.boot.test.autoconfigure.web.servlet.MockMvcPrintOnlyOnFailureTestExecutionListener, org.springframework.boot.test.autoconfigure.web.servlet.WebDriverTestExecutionListener, org.springframework.boot.test.mock.mockito.MockitoTestExecutionListener, org.springframework.boot.test.mock.mockito.ResetMocksTestExecutionListener, org.springframework.test.context.web.ServletTestExecutionListener, org.springframework.test.context.support.DirtiesContextBeforeModesTestExecutionListener, org.springframework.test.context.support.DependencyInjectionTestExecutionListener, org.springframework.test.context.support.DirtiesContextTestExecutionListener, org.springframework.test.context.transaction.TransactionalTestExecutionListener, org.springframework.test.context.jdbc.SqlScriptsTestExecutionListener]
2018-02-02 11:31:53.311  INFO 996 --- [    Test worker] .b.t.c.SpringBootTestContextBootstrapper : Using TestExecutionListeners: [org.springframework.test.context.web.ServletTestExecutionListener@6f464a2c, org.springframework.test.context.support.DirtiesContextBeforeModesTestExecutionListener@35deb8ea, org.springframework.boot.test.autoconfigure.SpringBootDependencyInjectionTestExecutionListener@34ac517, org.springframework.test.context.support.DirtiesContextTestExecutionListener@7f0580c, org.springframework.test.context.transaction.TransactionalTestExecutionListener@5a3a65f4, org.springframework.test.context.jdbc.SqlScriptsTestExecutionListener@1a638fb1, org.springframework.boot.test.mock.mockito.ResetMocksTestExecutionListener@4f548397, org.springframework.boot.test.autoconfigure.restdocs.RestDocsTestExecutionListener@4ae19249, org.springframework.boot.test.autoconfigure.web.servlet.WebDriverTestExecutionListener@43fd4b24, org.springframework.boot.test.mock.mockito.MockitoTestExecutionListener@45655aed, org.springframework.boot.test.autoconfigure.web.client.MockRestServiceServerResetTestExecutionListener@2e4631ed, org.springframework.boot.test.autoconfigure.web.servlet.MockMvcPrintOnlyOnFailureTestExecutionListener@68738db6]

  .   ____          _            __ _ _
 /\\ / ___'_ __ _ _(_)_ __  __ _ \ \ \ \
( ( )\___ | '_ | '_| | '_ \/ _` | \ \ \ \
 \\/  ___)| |_)| | | | | || (_| |  ) ) ) )
  '  |____| .__|_| |_|_| |_\__, | / / / /
 =========|_|==============|___/=/_/_/_/
 :: Spring Boot ::        (v1.5.9.RELEASE)

2018-02-02 11:31:53.383  INFO 996 --- [    Test worker] c.c.c.p.s.MotorbikeServiceUnitTests      : Starting MotorbikeServiceUnitTests on PAULO-GARCIA with PID 996 (started by paulo.garcia in C:\Users\paulo.garcia\Documents\GitHub\parking-lot\Java\parking-lot-paulo)
2018-02-02 11:31:53.383  INFO 996 --- [    Test worker] c.c.c.p.s.MotorbikeServiceUnitTests      : No active profile set, falling back to default profiles: default
2018-02-02 11:31:53.387  INFO 996 --- [    Test worker] o.s.w.c.s.GenericWebApplicationContext   : Refreshing org.springframework.web.context.support.GenericWebApplicationContext@1783bf67: startup date [Fri Feb 02 11:31:53 COT 2018]; root of context hierarchy
2018-02-02 11:31:54.173  INFO 996 --- [    Test worker] j.LocalContainerEntityManagerFactoryBean : Building JPA container EntityManagerFactory for persistence unit 'default'
2018-02-02 11:31:54.174  INFO 996 --- [    Test worker] o.hibernate.jpa.internal.util.LogHelper  : HHH000204: Processing PersistenceUnitInfo [
	name: default
	...]
2018-02-02 11:31:54.184  INFO 996 --- [    Test worker] org.hibernate.dialect.Dialect            : HHH000400: Using dialect: org.hibernate.dialect.H2Dialect
2018-02-02 11:31:54.210  INFO 996 --- [    Test worker] org.hibernate.tool.hbm2ddl.SchemaUpdate  : HHH000228: Running hbm2ddl schema update
2018-02-02 11:31:54.228  WARN 996 --- [    Test worker] o.h.j.i.EntityManagerFactoryRegistry     : HHH000436: Entity manager factory name (default) is already registered.  If entity manager will be clustered or passivated, specify a unique value for property 'hibernate.ejb.entitymanager_factory_name'
2018-02-02 11:31:54.228  INFO 996 --- [    Test worker] j.LocalContainerEntityManagerFactoryBean : Initialized JPA EntityManagerFactory for persistence unit 'default'
2018-02-02 11:31:54.296  INFO 996 --- [    Test worker] o.h.h.i.QueryTranslatorFactoryInitiator  : HHH000397: Using ASTQueryTranslatorFactory
2018-02-02 11:31:54.613  INFO 996 --- [    Test worker] s.w.s.m.m.a.RequestMappingHandlerAdapter : Looking for @ControllerAdvice: org.springframework.web.context.support.GenericWebApplicationContext@1783bf67: startup date [Fri Feb 02 11:31:53 COT 2018]; root of context hierarchy
2018-02-02 11:31:54.640  INFO 996 --- [    Test worker] s.w.s.m.m.a.RequestMappingHandlerMapping : Mapped "{[/parking/car/out/{plate}],methods=[GET]}" onto public org.springframework.http.ResponseEntity<co.com.ceiba.parkinglotpaulo.domain.Car> co.com.ceiba.parkinglotpaulo.controller.CarController.getCarOut(java.lang.String) throws co.com.ceiba.parkinglotpaulo.utils.ParkingException,java.text.ParseException
2018-02-02 11:31:54.641  INFO 996 --- [    Test worker] s.w.s.m.m.a.RequestMappingHandlerMapping : Mapped "{[/parking/car/park/{plate}],methods=[GET]}" onto public org.springframework.http.ResponseEntity<co.com.ceiba.parkinglotpaulo.domain.Car> co.com.ceiba.parkinglotpaulo.controller.CarController.parkCar(java.lang.String) throws java.text.ParseException,co.com.ceiba.parkinglotpaulo.utils.ParkingException
2018-02-02 11:31:54.644  INFO 996 --- [    Test worker] s.w.s.m.m.a.RequestMappingHandlerMapping : Mapped "{[/parking/motorbike/park/{plate}/{cylinderCapacity}],methods=[GET]}" onto public org.springframework.http.ResponseEntity<co.com.ceiba.parkinglotpaulo.domain.Motorbike> co.com.ceiba.parkinglotpaulo.controller.MotorbikeController.parkMotorbike(java.lang.String,int) throws java.text.ParseException,co.com.ceiba.parkinglotpaulo.utils.ParkingException
2018-02-02 11:31:54.644  INFO 996 --- [    Test worker] s.w.s.m.m.a.RequestMappingHandlerMapping : Mapped "{[/parking/motorbike/out/{plate}],methods=[GET]}" onto public org.springframework.http.ResponseEntity<co.com.ceiba.parkinglotpaulo.domain.Motorbike> co.com.ceiba.parkinglotpaulo.controller.MotorbikeController.getMotorbikeOut(java.lang.String) throws co.com.ceiba.parkinglotpaulo.utils.ParkingException,java.text.ParseException
2018-02-02 11:31:54.645  INFO 996 --- [    Test worker] s.w.s.m.m.a.RequestMappingHandlerMapping : Mapped "{[/error]}" onto public org.springframework.http.ResponseEntity<java.util.Map<java.lang.String, java.lang.Object>> org.springframework.boot.autoconfigure.web.BasicErrorController.error(javax.servlet.http.HttpServletRequest)
2018-02-02 11:31:54.646  INFO 996 --- [    Test worker] s.w.s.m.m.a.RequestMappingHandlerMapping : Mapped "{[/error],produces=[text/html]}" onto public org.springframework.web.servlet.ModelAndView org.springframework.boot.autoconfigure.web.BasicErrorController.errorHtml(javax.servlet.http.HttpServletRequest,javax.servlet.http.HttpServletResponse)
2018-02-02 11:31:54.680  INFO 996 --- [    Test worker] o.s.w.s.handler.SimpleUrlHandlerMapping  : Mapped URL path [/webjars/**] onto handler of type [class org.springframework.web.servlet.resource.ResourceHttpRequestHandler]
2018-02-02 11:31:54.681  INFO 996 --- [    Test worker] o.s.w.s.handler.SimpleUrlHandlerMapping  : Mapped URL path [/**] onto handler of type [class org.springframework.web.servlet.resource.ResourceHttpRequestHandler]
2018-02-02 11:31:54.694  INFO 996 --- [    Test worker] .m.m.a.ExceptionHandlerExceptionResolver : Detected @ExceptionHandler methods in restResponseEntityExceptionHandler
2018-02-02 11:31:54.713  INFO 996 --- [    Test worker] o.s.w.s.handler.SimpleUrlHandlerMapping  : Mapped URL path [/**/favicon.ico] onto handler of type [class org.springframework.web.servlet.resource.ResourceHttpRequestHandler]
2018-02-02 11:31:54.973  INFO 996 --- [    Test worker] c.c.c.p.s.MotorbikeServiceUnitTests      : Started MotorbikeServiceUnitTests in 1.653 seconds (JVM running for 13.859)
]]></system-out>
  <system-err><![CDATA[]]></system-err>
</testsuite>
