<?xml version="1.0" encoding="UTF-8"?>
<testsuite name="co.com.ceiba.parkinglotpaulo.repository.CarRepositoryIntTests" tests="3" skipped="0" failures="0" errors="0" timestamp="2018-02-02T16:31:49" hostname="PAULO-GARCIA" time="0.31">
  <properties/>
  <testcase name="parkedCarCountIsCorrect" classname="co.com.ceiba.parkinglotpaulo.repository.CarRepositoryIntTests" time="0.279"/>
  <testcase name="alreadyParkedCarIsDetected" classname="co.com.ceiba.parkinglotpaulo.repository.CarRepositoryIntTests" time="0.017"/>
  <testcase name="nonParkedCarIsntDetected" classname="co.com.ceiba.parkinglotpaulo.repository.CarRepositoryIntTests" time="0.011"/>
  <system-out><![CDATA[11:31:42.224 [Test worker] DEBUG org.springframework.test.context.junit4.SpringJUnit4ClassRunner - SpringJUnit4ClassRunner constructor called with [class co.com.ceiba.parkinglotpaulo.repository.CarRepositoryIntTests]
11:31:42.234 [Test worker] DEBUG org.springframework.test.context.BootstrapUtils - Instantiating CacheAwareContextLoaderDelegate from class [org.springframework.test.context.cache.DefaultCacheAwareContextLoaderDelegate]
11:31:42.251 [Test worker] DEBUG org.springframework.test.context.BootstrapUtils - Instantiating BootstrapContext using constructor [public org.springframework.test.context.support.DefaultBootstrapContext(java.lang.Class,org.springframework.test.context.CacheAwareContextLoaderDelegate)]
11:31:42.283 [Test worker] DEBUG org.springframework.test.context.BootstrapUtils - Instantiating TestContextBootstrapper for test class [co.com.ceiba.parkinglotpaulo.repository.CarRepositoryIntTests] from class [org.springframework.boot.test.context.SpringBootTestContextBootstrapper]
11:31:42.310 [Test worker] INFO org.springframework.boot.test.context.SpringBootTestContextBootstrapper - Neither @ContextConfiguration nor @ContextHierarchy found for test class [co.com.ceiba.parkinglotpaulo.repository.CarRepositoryIntTests], using SpringBootContextLoader
11:31:42.318 [Test worker] DEBUG org.springframework.test.context.support.AbstractContextLoader - Did not detect default resource location for test class [co.com.ceiba.parkinglotpaulo.repository.CarRepositoryIntTests]: class path resource [co/com/ceiba/parkinglotpaulo/repository/CarRepositoryIntTests-context.xml] does not exist
11:31:42.319 [Test worker] DEBUG org.springframework.test.context.support.AbstractContextLoader - Did not detect default resource location for test class [co.com.ceiba.parkinglotpaulo.repository.CarRepositoryIntTests]: class path resource [co/com/ceiba/parkinglotpaulo/repository/CarRepositoryIntTestsContext.groovy] does not exist
11:31:42.319 [Test worker] INFO org.springframework.test.context.support.AbstractContextLoader - Could not detect default resource locations for test class [co.com.ceiba.parkinglotpaulo.repository.CarRepositoryIntTests]: no resource found for suffixes {-context.xml, Context.groovy}.
11:31:42.388 [Test worker] DEBUG org.springframework.test.context.support.ActiveProfilesUtils - Could not find an 'annotation declaring class' for annotation type [org.springframework.test.context.ActiveProfiles] and class [co.com.ceiba.parkinglotpaulo.repository.CarRepositoryIntTests]
11:31:42.432 [Test worker] DEBUG org.springframework.boot.test.context.SpringBootTestContextBootstrapper - @TestExecutionListeners is not present for class [co.com.ceiba.parkinglotpaulo.repository.CarRepositoryIntTests]: using defaults.
11:31:42.439 [Test worker] INFO org.springframework.boot.test.context.SpringBootTestContextBootstrapper - Loaded default TestExecutionListener class names from location [META-INF/spring.factories]: [org.springframework.boot.test.autoconfigure.restdocs.RestDocsTestExecutionListener, org.springframework.boot.test.autoconfigure.web.client.MockRestServiceServerResetTestExecutionListener, org.springframework.boot.test.autoconfigure.web.servlet.MockMvcPrintOnlyOnFailureTestExecutionListener, org.springframework.boot.test.autoconfigure.web.servlet.WebDriverTestExecutionListener, org.springframework.boot.test.mock.mockito.MockitoTestExecutionListener, org.springframework.boot.test.mock.mockito.ResetMocksTestExecutionListener, org.springframework.test.context.web.ServletTestExecutionListener, org.springframework.test.context.support.DirtiesContextBeforeModesTestExecutionListener, org.springframework.test.context.support.DependencyInjectionTestExecutionListener, org.springframework.test.context.support.DirtiesContextTestExecutionListener, org.springframework.test.context.transaction.TransactionalTestExecutionListener, org.springframework.test.context.jdbc.SqlScriptsTestExecutionListener]
11:31:42.485 [Test worker] INFO org.springframework.boot.test.context.SpringBootTestContextBootstrapper - Using TestExecutionListeners: [org.springframework.test.context.web.ServletTestExecutionListener@5037f0ef, org.springframework.test.context.support.DirtiesContextBeforeModesTestExecutionListener@4a7b0992, org.springframework.boot.test.autoconfigure.SpringBootDependencyInjectionTestExecutionListener@5aa0d8dc, org.springframework.test.context.support.DirtiesContextTestExecutionListener@35977f3c, org.springframework.test.context.transaction.TransactionalTestExecutionListener@5ac851e9, org.springframework.test.context.jdbc.SqlScriptsTestExecutionListener@48edf4bb, org.springframework.boot.test.mock.mockito.ResetMocksTestExecutionListener@14d7a342, org.springframework.boot.test.autoconfigure.restdocs.RestDocsTestExecutionListener@1ab7507b, org.springframework.boot.test.autoconfigure.web.servlet.WebDriverTestExecutionListener@2e80ddd, org.springframework.boot.test.mock.mockito.MockitoTestExecutionListener@25876917, org.springframework.boot.test.autoconfigure.web.client.MockRestServiceServerResetTestExecutionListener@ce31356, org.springframework.boot.test.autoconfigure.web.servlet.MockMvcPrintOnlyOnFailureTestExecutionListener@2c77be39]
11:31:42.490 [Test worker] DEBUG org.springframework.test.annotation.ProfileValueUtils - Retrieved @ProfileValueSourceConfiguration [null] for test class [co.com.ceiba.parkinglotpaulo.repository.CarRepositoryIntTests]
11:31:42.491 [Test worker] DEBUG org.springframework.test.annotation.ProfileValueUtils - Retrieved ProfileValueSource type [class org.springframework.test.annotation.SystemProfileValueSource] for class [co.com.ceiba.parkinglotpaulo.repository.CarRepositoryIntTests]
11:31:42.492 [Test worker] DEBUG org.springframework.test.annotation.ProfileValueUtils - Retrieved @ProfileValueSourceConfiguration [null] for test class [co.com.ceiba.parkinglotpaulo.repository.CarRepositoryIntTests]
11:31:42.492 [Test worker] DEBUG org.springframework.test.annotation.ProfileValueUtils - Retrieved ProfileValueSource type [class org.springframework.test.annotation.SystemProfileValueSource] for class [co.com.ceiba.parkinglotpaulo.repository.CarRepositoryIntTests]
11:31:42.501 [Test worker] DEBUG org.springframework.test.context.support.AbstractDirtiesContextTestExecutionListener - Before test class: context [DefaultTestContext@34e75773 testClass = CarRepositoryIntTests, testInstance = [null], testMethod = [null], testException = [null], mergedContextConfiguration = [WebMergedContextConfiguration@7de1d6a8 testClass = CarRepositoryIntTests, locations = '{}', classes = '{class co.com.ceiba.parkinglotpaulo.ParkingLotPauloApplication, class co.com.ceiba.parkinglotpaulo.ParkingLotPauloApplication}', contextInitializerClasses = '[]', activeProfiles = '{}', propertySourceLocations = '{classpath:carRepositoryIntTests.properties}', propertySourceProperties = '{org.springframework.boot.test.context.SpringBootTestContextBootstrapper=true}', contextCustomizers = set[org.springframework.boot.test.autoconfigure.properties.PropertyMappingContextCustomizer@0, org.springframework.boot.test.autoconfigure.web.servlet.WebDriverContextCustomizerFactory$Customizer@74f36229, org.springframework.boot.test.context.SpringBootTestContextCustomizer@e5b2513, org.springframework.boot.test.context.filter.ExcludeFilterContextCustomizer@47915fb2, org.springframework.boot.test.json.DuplicateJsonObjectContextCustomizerFactory$DuplicateJsonObjectContextCustomizer@76a378f4, org.springframework.boot.test.mock.mockito.MockitoContextCustomizer@0], resourceBasePath = 'src/main/webapp', contextLoader = 'org.springframework.boot.test.context.SpringBootContextLoader', parent = [null]]], class annotated with @DirtiesContext [false] with mode [null].
11:31:42.502 [Test worker] DEBUG org.springframework.test.annotation.ProfileValueUtils - Retrieved @ProfileValueSourceConfiguration [null] for test class [co.com.ceiba.parkinglotpaulo.repository.CarRepositoryIntTests]
11:31:42.502 [Test worker] DEBUG org.springframework.test.annotation.ProfileValueUtils - Retrieved ProfileValueSource type [class org.springframework.test.annotation.SystemProfileValueSource] for class [co.com.ceiba.parkinglotpaulo.repository.CarRepositoryIntTests]
11:31:42.638 [Test worker] DEBUG org.springframework.core.env.StandardEnvironment - Adding PropertySource 'systemProperties' with lowest search precedence
11:31:42.640 [Test worker] DEBUG org.springframework.core.env.StandardEnvironment - Adding PropertySource 'systemEnvironment' with lowest search precedence
11:31:42.646 [Test worker] DEBUG org.springframework.core.env.StandardEnvironment - Initialized StandardEnvironment with PropertySources [MapPropertySource@47920770 {name='systemProperties', properties={java.runtime.name=OpenJDK Runtime Environment, sun.boot.library.path=C:\Program Files\Zulu\zulu-8\jre\bin, java.vm.version=25.162-b01, java.vm.vendor=Azul Systems, Inc., java.vendor.url=http://www.azulsystems.com/, path.separator=;, java.vm.name=OpenJDK 64-Bit Server VM, file.encoding.pkg=sun.io, user.script=, sun.java.launcher=SUN_STANDARD, user.country=US, sun.os.patch.level=, java.vm.specification.name=Java Virtual Machine Specification, user.dir=C:\Users\paulo.garcia\Documents\GitHub\parking-lot\Java\parking-lot-paulo, java.runtime.version=1.8.0_162-b01, java.awt.graphicsenv=sun.awt.Win32GraphicsEnvironment, java.endorsed.dirs=C:\Program Files\Zulu\zulu-8\jre\lib\endorsed, os.arch=amd64, java.io.tmpdir=C:\Users\PAULO~1.GAR\AppData\Local\Temp\, line.separator=
, java.vm.specification.vendor=Oracle Corporation, user.variant=, os.name=Windows 10, sun.jnu.encoding=Cp1252, java.library.path=C:\Program Files\Zulu\zulu-8\bin;C:\Windows\Sun\Java\bin;C:\Windows\system32;C:\Windows;C:/Program Files/Zulu/zulu-8/bin/../jre/bin/server;C:/Program Files/Zulu/zulu-8/bin/../jre/bin;C:/Program Files/Zulu/zulu-8/bin/../jre/lib/amd64;C:\Program Files\CollabNet\Subversion Client;C:\Program Files (x86)\Intel\iCLS Client\;C:\Program Files\Intel\iCLS Client\;C:\Oracle\product\11.1.0\client_1\bin;C:\Windows\system32;C:\Windows;C:\Windows\System32\Wbem;C:\Windows\System32\WindowsPowerShell\v1.0\;C:\Program Files (x86)\Intel\Intel(R) Management Engine Components\DAL;C:\Program Files\Intel\Intel(R) Management Engine Components\DAL;C:\Program Files (x86)\Intel\Intel(R) Management Engine Components\IPT;C:\Program Files\Intel\Intel(R) Management Engine Components\IPT;C:\Program Files\TortoiseSVN\bin;C:\Program Files\PuTTY\;C:\Program Files\Git\cmd;C:\Program Files\MySQL\MySQL Utilities 1.6\;C:\Program Files\Zulu\zulu-8\bin\;C:\Users\paulo.garcia\AppData\Local\Microsoft\WindowsApps;C:\Users\paulo.garcia\AppData\Local\GitHubDesktop\bin;C:\gradle\gradle-4.4.1\bin;C:\Program Files\Java\jdk1.8.0_152\bin;;C:\Users\paulo.garcia\Software\eclipse-jee-oxygen-2-win32-x86_64\eclipse;;., java.specification.name=Java Platform API Specification, java.class.version=52.0, org.gradle.native=false, sun.management.compiler=HotSpot 64-Bit Tiered Compilers, os.version=10.0, user.home=C:\Users\paulo.garcia, user.timezone=America/Bogota, java.awt.printerjob=sun.awt.windows.WPrinterJob, file.encoding=windows-1252, java.specification.version=1.8, java.class.path=C:\Users\paulo.garcia\Documents\GitHub\parking-lot\Java\parking-lot-paulo\build\classes\java\test;C:\Users\paulo.garcia\Documents\GitHub\parking-lot\Java\parking-lot-paulo\build\resources\test;C:\Users\paulo.garcia\Documents\GitHub\parking-lot\Java\parking-lot-paulo\build\classes\java\main;C:\Users\paulo.garcia\Documents\GitHub\parking-lot\Java\parking-lot-paulo\build\resources\main;C:\Users\paulo.garcia\.gradle\caches\modules-2\files-2.1\org.springframework.boot\spring-boot-starter-data-jpa\1.5.9.RELEASE\8628320876aa12cc406216523effe954fbd354c0\spring-boot-starter-data-jpa-1.5.9.RELEASE.jar;C:\Users\paulo.garcia\.gradle\caches\modules-2\files-2.1\org.springframework.boot\spring-boot-starter-web\1.5.9.RELEASE\bda9733d5e6ba6d1a97deead1738713dc0631b3e\spring-boot-starter-web-1.5.9.RELEASE.jar;C:\Users\paulo.garcia\.gradle\caches\modules-2\files-2.1\org.springframework.boot\spring-boot-devtools\1.5.9.RELEASE\8908280f33c65ffa21789020e7a37d46a798d445\spring-boot-devtools-1.5.9.RELEASE.jar;C:\Users\paulo.garcia\.gradle\caches\modules-2\files-2.1\mysql\mysql-connector-java\5.1.44\61b6b998192c85bb581c6be90e03dcd4b9079db4\mysql-connector-java-5.1.44.jar;C:\Users\paulo.garcia\.gradle\caches\modules-2\files-2.1\org.springframework.boot\spring-boot-starter-test\1.5.9.RELEASE\b5adf6fbf53be00b7ae52f657d564122edbe5156\spring-boot-starter-test-1.5.9.RELEASE.jar;C:\Users\paulo.garcia\.gradle\caches\modules-2\files-2.1\com.h2database\h2\1.4.196\dd0034398d593aa3588c6773faac429bbd9aea0e\h2-1.4.196.jar;C:\Users\paulo.garcia\.gradle\caches\modules-2\files-2.1\org.springframework.boot\spring-boot-starter-aop\1.5.9.RELEASE\fab419df8d7a13968a51ebfcbcad7ef320d66184\spring-boot-starter-aop-1.5.9.RELEASE.jar;C:\Users\paulo.garcia\.gradle\caches\modules-2\files-2.1\org.springframework.boot\spring-boot-starter-jdbc\1.5.9.RELEASE\6769ecea55e952afb64f17975638c5afd1e59ef3\spring-boot-starter-jdbc-1.5.9.RELEASE.jar;C:\Users\paulo.garcia\.gradle\caches\modules-2\files-2.1\org.springframework.boot\spring-boot-starter\1.5.9.RELEASE\6bfb34db2715ee86c6e2337fa145650588b4b1b3\spring-boot-starter-1.5.9.RELEASE.jar;C:\Users\paulo.garcia\.gradle\caches\modules-2\files-2.1\org.hibernate\hibernate-entitymanager\5.0.12.Final\302a526f5058290e9cbd719a5caf9f248d344719\hibernate-entitymanager-5.0.12.Final.jar;C:\Users\paulo.garcia\.gradle\caches\modules-2\files-2.1\org.hibernate\hibernate-core\5.0.12.Final\e58bf1c660e6706d8e2cbb53bae110f574366102\hibernate-core-5.0.12.Final.jar;C:\Users\paulo.garcia\.gradle\caches\modules-2\files-2.1\javax.transaction\javax.transaction-api\1.2\d81aff979d603edd90dcd8db2abc1f4ce6479e3e\javax.transaction-api-1.2.jar;C:\Users\paulo.garcia\.gradle\caches\modules-2\files-2.1\org.springframework.data\spring-data-jpa\1.11.9.RELEASE\64c80f12361d5b74cf98a3433b59a5c961d78d38\spring-data-jpa-1.11.9.RELEASE.jar;C:\Users\paulo.garcia\.gradle\caches\modules-2\files-2.1\org.springframework\spring-aspects\4.3.13.RELEASE\c91788e6b7c431379d0f7fe5f85f427d7e3f01ae\spring-aspects-4.3.13.RELEASE.jar;C:\Users\paulo.garcia\.gradle\caches\modules-2\files-2.1\org.springframework.boot\spring-boot-starter-tomcat\1.5.9.RELEASE\4615056f8a2bcad03ba8cdf410419ee3d101c5bb\spring-boot-starter-tomcat-1.5.9.RELEASE.jar;C:\Users\paulo.garcia\.gradle\caches\modules-2\files-2.1\org.hibernate\hibernate-validator\5.3.6.Final\4c730be8bf55a8e9a61e79a2f2c079abf48b718\hibernate-validator-5.3.6.Final.jar;C:\Users\paulo.garcia\.gradle\caches\modules-2\files-2.1\com.fasterxml.jackson.core\jackson-databind\2.8.10\f7b83cb2bc4b88d53961e749e1ad32f49ef017b7\jackson-databind-2.8.10.jar;C:\Users\paulo.garcia\.gradle\caches\modules-2\files-2.1\org.springframework\spring-webmvc\4.3.13.RELEASE\87a095c7a1d13fe433ae6712787238c1dbaa6919\spring-webmvc-4.3.13.RELEASE.jar;C:\Users\paulo.garcia\.gradle\caches\modules-2\files-2.1\org.springframework\spring-web\4.3.13.RELEASE\7cd084992d546165ede3e99bc31ee49c937f0ce7\spring-web-4.3.13.RELEASE.jar;C:\Users\paulo.garcia\.gradle\caches\modules-2\files-2.1\org.springframework.boot\spring-boot-test-autoconfigure\1.5.9.RELEASE\b428495e25b0531b2a977f51c5d29011c817b8ee\spring-boot-test-autoconfigure-1.5.9.RELEASE.jar;C:\Users\paulo.garcia\.gradle\caches\modules-2\files-2.1\org.springframework.boot\spring-boot-autoconfigure\1.5.9.RELEASE\88dd18bdaf317ae40971573a051fd47265f2ed39\spring-boot-autoconfigure-1.5.9.RELEASE.jar;C:\Users\paulo.garcia\.gradle\caches\modules-2\files-2.1\org.springframework.boot\spring-boot-test\1.5.9.RELEASE\7e604d56325f04a8b89a280e647746fc69e5a21f\spring-boot-test-1.5.9.RELEASE.jar;C:\Users\paulo.garcia\.gradle\caches\modules-2\files-2.1\org.springframework.boot\spring-boot\1.5.9.RELEASE\f472cdf948288796fb31e0bb03f6e7b022b763a0\spring-boot-1.5.9.RELEASE.jar;C:\Users\paulo.garcia\.gradle\caches\modules-2\files-2.1\com.jayway.jsonpath\json-path\2.2.0\22290d17944bd239fabf5ac69005a60a7ecbbbcb\json-path-2.2.0.jar;C:\Users\paulo.garcia\.gradle\caches\modules-2\files-2.1\junit\junit\4.12\2973d150c0dc1fefe998f834810d68f278ea58ec\junit-4.12.jar;C:\Users\paulo.garcia\.gradle\caches\modules-2\files-2.1\org.assertj\assertj-core\2.6.0\b532c3fc4f66bcfee4989a3514f1cd56203a33ad\assertj-core-2.6.0.jar;C:\Users\paulo.garcia\.gradle\caches\modules-2\files-2.1\org.mockito\mockito-core\1.10.19\e8546f5bef4e061d8dd73895b4e8f40e3fe6effe\mockito-core-1.10.19.jar;C:\Users\paulo.garcia\.gradle\caches\modules-2\files-2.1\org.hamcrest\hamcrest-library\1.3\4785a3c21320980282f9f33d0d1264a69040538f\hamcrest-library-1.3.jar;C:\Users\paulo.garcia\.gradle\caches\modules-2\files-2.1\org.hamcrest\hamcrest-core\1.3\42a25dc3219429f0e5d060061f71acb49bf010a0\hamcrest-core-1.3.jar;C:\Users\paulo.garcia\.gradle\caches\modules-2\files-2.1\org.skyscreamer\jsonassert\1.4.0\9cdbb373a06f6513e51e8c545ee6a5e981463edb\jsonassert-1.4.0.jar;C:\Users\paulo.garcia\.gradle\caches\modules-2\files-2.1\org.springframework\spring-test\4.3.13.RELEASE\f4ff71b0d628d37f334d4f1f197c1b8cea364d01\spring-test-4.3.13.RELEASE.jar;C:\Users\paulo.garcia\.gradle\caches\modules-2\files-2.1\org.springframework\spring-orm\4.3.13.RELEASE\382d3ce044204947f8f2b3fa67a665d4e2bd346f\spring-orm-4.3.13.RELEASE.jar;C:\Users\paulo.garcia\.gradle\caches\modules-2\files-2.1\org.springframework\spring-jdbc\4.3.13.RELEASE\68e95c2a065641559c7dab7b605bc5847ab026ad\spring-jdbc-4.3.13.RELEASE.jar;C:\Users\paulo.garcia\.gradle\caches\modules-2\files-2.1\org.springframework.data\spring-data-commons\1.13.9.RELEASE\3910a598235d2e9c1ca56f34c5e62bb5ce23778\spring-data-commons-1.13.9.RELEASE.jar;C:\Users\paulo.garcia\.gradle\caches\modules-2\files-2.1\org.springframework\spring-context\4.3.13.RELEASE\6ab1c189a13182fa3256f6bbc68fafdaf8f5a19e\spring-context-4.3.13.RELEASE.jar;C:\Users\paulo.garcia\.gradle\caches\modules-2\files-2.1\org.springframework\spring-tx\4.3.13.RELEASE\6ebf7b3f2099fa884038d9d7bd44817ebd9c5b4a\spring-tx-4.3.13.RELEASE.jar;C:\Users\paulo.garcia\.gradle\caches\modules-2\files-2.1\org.springframework\spring-aop\4.3.13.RELEASE\61f427b55951f59b50f3c2bd0de3c48960e2a342\spring-aop-4.3.13.RELEASE.jar;C:\Users\paulo.garcia\.gradle\caches\modules-2\files-2.1\org.springframework\spring-beans\4.3.13.RELEASE\8613a7077722f1d97f8cb3fea4b0b40bfadf4496\spring-beans-4.3.13.RELEASE.jar;C:\Users\paulo.garcia\.gradle\caches\modules-2\files-2.1\org.springframework\spring-expression\4.3.13.RELEASE\da22bf7df1262e429b49653be6cd5b89b6affe5e\spring-expression-4.3.13.RELEASE.jar;C:\Users\paulo.garcia\.gradle\caches\modules-2\files-2.1\org.springframework\spring-core\4.3.13.RELEASE\eea18d7f4d01f1baa1b6728b678b5a6fe23c61f6\spring-core-4.3.13.RELEASE.jar;C:\Users\paulo.garcia\.gradle\caches\modules-2\files-2.1\org.springframework.boot\spring-boot-starter-logging\1.5.9.RELEASE\30fd62a1ce9639759d90d49608501082314c1628\spring-boot-starter-logging-1.5.9.RELEASE.jar;C:\Users\paulo.garcia\.gradle\caches\modules-2\files-2.1\org.yaml\snakeyaml\1.17\7a27ea250c5130b2922b86dea63cbb1cc10a660c\snakeyaml-1.17.jar;C:\Users\paulo.garcia\.gradle\caches\modules-2\files-2.1\org.aspectj\aspectjweaver\1.8.13\ad94df2a28d658a40dc27bbaff6a1ce5fbf04e9b\aspectjweaver-1.8.13.jar;C:\Users\paulo.garcia\.gradle\caches\modules-2\files-2.1\org.apache.tomcat\tomcat-jdbc\8.5.23\6036400a8f2d90dd3ae3a4d09e5136c56002887b\tomcat-jdbc-8.5.23.jar;C:\Users\paulo.garcia\.gradle\caches\modules-2\files-2.1\org.hibernate.common\hibernate-commons-annotations\5.0.1.Final\71e1cff3fcb20d3b3af4f3363c3ddb24d33c6879\hibernate-commons-annotations-5.0.1.Final.jar;C:\Users\paulo.garcia\.gradle\caches\modules-2\files-2.1\org.jboss.logging\jboss-logging\3.3.1.Final\c46217ab74b532568c0ed31dc599db3048bd1b67\jboss-logging-3.3.1.Final.jar;C:\Users\paulo.garcia\.gradle\caches\modules-2\files-2.1\org.hibernate.javax.persistence\hibernate-jpa-2.1-api\1.0.0.Final\5e731d961297e5a07290bfaf3db1fbc8bbbf405a\hibernate-jpa-2.1-api-1.0.0.Final.jar;C:\Users\paulo.garcia\.gradle\caches\modules-2\files-2.1\org.javassist\javassist\3.21.0-GA\598244f595db5c5fb713731eddbb1c91a58d959b\javassist-3.21.0-GA.jar;C:\Users\paulo.garcia\.gradle\caches\modules-2\files-2.1\antlr\antlr\2.7.7\83cd2cd674a217ade95a4bb83a8a14f351f48bd0\antlr-2.7.7.jar;C:\Users\paulo.garcia\.gradle\caches\modules-2\files-2.1\org.jboss\jandex\2.0.0.Final\3e899258936f94649c777193e1be846387ed54b3\jandex-2.0.0.Final.jar;C:\Users\paulo.garcia\.gradle\caches\modules-2\files-2.1\dom4j\dom4j\1.6.1\5d3ccc056b6f056dbf0dddfdf43894b9065a8f94\dom4j-1.6.1.jar;C:\Users\paulo.garcia\.gradle\caches\modules-2\files-2.1\org.slf4j\jcl-over-slf4j\1.7.25\f8c32b13ff142a513eeb5b6330b1588dcb2c0461\jcl-over-slf4j-1.7.25.jar;C:\Users\paulo.garcia\.gradle\caches\modules-2\files-2.1\ch.qos.logback\logback-classic\1.1.11\ccedfbacef4a6515d2983e3f89ed753d5d4fb665\logback-classic-1.1.11.jar;C:\Users\paulo.garcia\.gradle\caches\modules-2\files-2.1\org.slf4j\jul-to-slf4j\1.7.25\af5364cd6679bfffb114f0dec8a157aaa283b76\jul-to-slf4j-1.7.25.jar;C:\Users\paulo.garcia\.gradle\caches\modules-2\files-2.1\org.slf4j\log4j-over-slf4j\1.7.25\a87bb47468f47ee7aabbd54f93e133d4215769c3\log4j-over-slf4j-1.7.25.jar;C:\Users\paulo.garcia\.gradle\caches\modules-2\files-2.1\org.slf4j\slf4j-api\1.7.25\da76ca59f6a57ee3102f8f9bd9cee742973efa8a\slf4j-api-1.7.25.jar;C:\Users\paulo.garcia\.gradle\caches\modules-2\files-2.1\org.apache.tomcat.embed\tomcat-embed-websocket\8.5.23\52f07abcae10dc7e1764304b0877def175c2c833\tomcat-embed-websocket-8.5.23.jar;C:\Users\paulo.garcia\.gradle\caches\modules-2\files-2.1\org.apache.tomcat.embed\tomcat-embed-core\8.5.23\79261793a47f507890ee08f749b9d81774e4f7f0\tomcat-embed-core-8.5.23.jar;C:\Users\paulo.garcia\.gradle\caches\modules-2\files-2.1\org.apache.tomcat.embed\tomcat-embed-el\8.5.23\98d979cde444dffa6d434c8377d0123b2dfa614c\tomcat-embed-el-8.5.23.jar;C:\Users\paulo.garcia\.gradle\caches\modules-2\files-2.1\javax.validation\validation-api\1.1.0.Final\8613ae82954779d518631e05daa73a6a954817d5\validation-api-1.1.0.Final.jar;C:\Users\paulo.garcia\.gradle\caches\modules-2\files-2.1\com.fasterxml\classmate\1.3.4\3d5f48f10bbe4eb7bd862f10c0583be2e0053c6\classmate-1.3.4.jar;C:\Users\paulo.garcia\.gradle\caches\modules-2\files-2.1\com.fasterxml.jackson.core\jackson-annotations\2.8.0\45b426f7796b741035581a176744d91090e2e6fb\jackson-annotations-2.8.0.jar;C:\Users\paulo.garcia\.gradle\caches\modules-2\files-2.1\com.fasterxml.jackson.core\jackson-core\2.8.10\eb21a035c66ad307e66ec8fce37f5d50fd62d039\jackson-core-2.8.10.jar;C:\Users\paulo.garcia\.gradle\caches\modules-2\files-2.1\net.minidev\json-smart\2.2.1\5b9e5df7a62d1279b70dc882b041d249c4f0b002\json-smart-2.2.1.jar;C:\Users\paulo.garcia\.gradle\caches\modules-2\files-2.1\org.objenesis\objenesis\2.1\87c0ea803b69252868d09308b4618f766f135a96\objenesis-2.1.jar;C:\Users\paulo.garcia\.gradle\caches\modules-2\files-2.1\com.vaadin.external.google\android-json\0.0.20131108.vaadin1\fa26d351fe62a6a17f5cda1287c1c6110dec413f\android-json-0.0.20131108.vaadin1.jar;C:\Users\paulo.garcia\.gradle\caches\modules-2\files-2.1\org.apache.tomcat\tomcat-juli\8.5.23\98e7f0610b7b2fb8303f11be0210e3f5a56a7d55\tomcat-juli-8.5.23.jar;C:\Users\paulo.garcia\.gradle\caches\modules-2\files-2.1\org.apache.tomcat\tomcat-annotations-api\8.5.23\aaf17df9fe0240e9e9d5375d24d5f177174b73d9\tomcat-annotations-api-8.5.23.jar;C:\Users\paulo.garcia\.gradle\caches\modules-2\files-2.1\net.minidev\accessors-smart\1.1\a527213f2fea112a04c9bdf0ec0264e34104cd08\accessors-smart-1.1.jar;C:\Users\paulo.garcia\.gradle\caches\modules-2\files-2.1\ch.qos.logback\logback-core\1.1.11\88b8df40340eed549fb07e2613879bf6b006704d\logback-core-1.1.11.jar;C:\Users\paulo.garcia\.gradle\caches\modules-2\files-2.1\org.ow2.asm\asm\5.0.3\dcc2193db20e19e1feca8b1240dbbc4e190824fa\asm-5.0.3.jar, user.name=paulo.garcia, java.vm.specification.version=1.8, sun.java.command=worker.org.gradle.process.internal.worker.GradleWorkerMain 'Gradle Test Executor 2', java.home=C:\Program Files\Zulu\zulu-8\jre, sun.arch.data.model=64, user.language=en, java.specification.vendor=Oracle Corporation, awt.toolkit=sun.awt.windows.WToolkit, java.vm.info=mixed mode, java.version=1.8.0_162, java.ext.dirs=C:\Program Files\Zulu\zulu-8\jre\lib\ext;C:\Windows\Sun\Java\lib\ext, sun.boot.class.path=C:\Program Files\Zulu\zulu-8\jre\lib\resources.jar;C:\Program Files\Zulu\zulu-8\jre\lib\rt.jar;C:\Program Files\Zulu\zulu-8\jre\lib\sunrsasign.jar;C:\Program Files\Zulu\zulu-8\jre\lib\jsse.jar;C:\Program Files\Zulu\zulu-8\jre\lib\jce.jar;C:\Program Files\Zulu\zulu-8\jre\lib\charsets.jar;C:\Program Files\Zulu\zulu-8\jre\lib\jfr.jar;C:\Program Files\Zulu\zulu-8\jre\classes, java.vendor=Azul Systems, Inc., org.gradle.test.worker=2, file.separator=\, java.vendor.url.bug=http://www.azulsystems.com/support/, sun.io.unicode.encoding=UnicodeLittle, sun.cpu.endian=little, sun.desktop=windows, sun.cpu.isalist=amd64}}, SystemEnvironmentPropertySource@1532783172 {name='systemEnvironment', properties={USERDOMAIN_ROAMINGPROFILE=CEIBA, LOCALAPPDATA=C:\Users\paulo.garcia\AppData\Local, PROCESSOR_LEVEL=6, USERDOMAIN=CEIBA, LOGONSERVER=\\ARES, JAVA_HOME=C:\Program Files\Zulu\zulu-8, SESSIONNAME=Console, ALLUSERSPROFILE=C:\ProgramData, PROCESSOR_ARCHITECTURE=AMD64, GRADLE_HOME=C:\gradle\gradle-4.4.1, PSModulePath=C:\Program Files\WindowsPowerShell\Modules;C:\Windows\system32\WindowsPowerShell\v1.0\Modules, SystemDrive=C:, OneDrive=C:\Users\paulo.garcia\OneDrive, APPDATA=C:\Users\paulo.garcia\AppData\Roaming, USERNAME=paulo.garcia, USERDNSDOMAIN=CEIBA.LOCAL, ProgramFiles(x86)=C:\Program Files (x86), CommonProgramFiles=C:\Program Files\Common Files, Path=C:/Program Files/Zulu/zulu-8/bin/../jre/bin/server;C:/Program Files/Zulu/zulu-8/bin/../jre/bin;C:/Program Files/Zulu/zulu-8/bin/../jre/lib/amd64;C:\Program Files\CollabNet\Subversion Client;C:\Program Files (x86)\Intel\iCLS Client\;C:\Program Files\Intel\iCLS Client\;C:\Oracle\product\11.1.0\client_1\bin;C:\Windows\system32;C:\Windows;C:\Windows\System32\Wbem;C:\Windows\System32\WindowsPowerShell\v1.0\;C:\Program Files (x86)\Intel\Intel(R) Management Engine Components\DAL;C:\Program Files\Intel\Intel(R) Management Engine Components\DAL;C:\Program Files (x86)\Intel\Intel(R) Management Engine Components\IPT;C:\Program Files\Intel\Intel(R) Management Engine Components\IPT;C:\Program Files\TortoiseSVN\bin;C:\Program Files\PuTTY\;C:\Program Files\Git\cmd;C:\Program Files\MySQL\MySQL Utilities 1.6\;C:\Program Files\Zulu\zulu-8\bin\;C:\Users\paulo.garcia\AppData\Local\Microsoft\WindowsApps;C:\Users\paulo.garcia\AppData\Local\GitHubDesktop\bin;C:\gradle\gradle-4.4.1\bin;C:\Program Files\Java\jdk1.8.0_152\bin;;C:\Users\paulo.garcia\Software\eclipse-jee-oxygen-2-win32-x86_64\eclipse;, PATHEXT=.COM;.EXE;.BAT;.CMD;.VBS;.VBE;.JS;.JSE;.WSF;.WSH;.MSC, OS=Windows_NT, COMPUTERNAME=PAULO-GARCIA, PROCESSOR_REVISION=3a09, CommonProgramW6432=C:\Program Files\Common Files, ComSpec=C:\Windows\system32\cmd.exe, ProgramData=C:\ProgramData, ProgramW6432=C:\Program Files, HOMEPATH=\Users\paulo.garcia, SystemRoot=C:\Windows, TEMP=C:\Users\PAULO~1.GAR\AppData\Local\Temp, HOMEDRIVE=C:, PROCESSOR_IDENTIFIER=Intel64 Family 6 Model 58 Stepping 9, GenuineIntel, USERPROFILE=C:\Users\paulo.garcia, TMP=C:\Users\PAULO~1.GAR\AppData\Local\Temp, CommonProgramFiles(x86)=C:\Program Files (x86)\Common Files, ProgramFiles=C:\Program Files, PUBLIC=C:\Users\Public, NUMBER_OF_PROCESSORS=8, windir=C:\Windows}}]
11:31:42.657 [Test worker] DEBUG org.springframework.core.env.StandardEnvironment - Adding PropertySource 'class path resource [carRepositoryIntTests.properties]' with highest search precedence
11:31:42.659 [Test worker] DEBUG org.springframework.core.env.MutablePropertySources - Adding PropertySource 'inline' with highest search precedence
11:31:42.671 [Test worker] DEBUG org.springframework.test.context.support.TestPropertySourceUtils - Adding inlined properties to environment: {spring.jmx.enabled=false, org.springframework.boot.test.context.SpringBootTestContextBootstrapper=true, server.port=-1}
11:31:42.671 [Test worker] DEBUG org.springframework.core.env.StandardEnvironment - Adding PropertySource 'Inlined Test Properties' with highest search precedence

  .   ____          _            __ _ _
 /\\ / ___'_ __ _ _(_)_ __  __ _ \ \ \ \
( ( )\___ | '_ | '_| | '_ \/ _` | \ \ \ \
 \\/  ___)| |_)| | | | | || (_| |  ) ) ) )
  '  |____| .__|_| |_|_| |_\__, | / / / /
 =========|_|==============|___/=/_/_/_/
 :: Spring Boot ::        (v1.5.9.RELEASE)

2018-02-02 11:31:43.186  INFO 996 --- [    Test worker] c.c.c.p.r.CarRepositoryIntTests          : Starting CarRepositoryIntTests on PAULO-GARCIA with PID 996 (started by paulo.garcia in C:\Users\paulo.garcia\Documents\GitHub\parking-lot\Java\parking-lot-paulo)
2018-02-02 11:31:43.188  INFO 996 --- [    Test worker] c.c.c.p.r.CarRepositoryIntTests          : No active profile set, falling back to default profiles: default
2018-02-02 11:31:43.247  INFO 996 --- [    Test worker] o.s.w.c.s.GenericWebApplicationContext   : Refreshing org.springframework.web.context.support.GenericWebApplicationContext@26d4a: startup date [Fri Feb 02 11:31:43 COT 2018]; root of context hierarchy
2018-02-02 11:31:45.999  INFO 996 --- [    Test worker] j.LocalContainerEntityManagerFactoryBean : Building JPA container EntityManagerFactory for persistence unit 'default'
2018-02-02 11:31:46.023  INFO 996 --- [    Test worker] o.hibernate.jpa.internal.util.LogHelper  : HHH000204: Processing PersistenceUnitInfo [
	name: default
	...]
2018-02-02 11:31:46.135  INFO 996 --- [    Test worker] org.hibernate.Version                    : HHH000412: Hibernate Core {5.0.12.Final}
2018-02-02 11:31:46.138  INFO 996 --- [    Test worker] org.hibernate.cfg.Environment            : HHH000206: hibernate.properties not found
2018-02-02 11:31:46.140  INFO 996 --- [    Test worker] org.hibernate.cfg.Environment            : HHH000021: Bytecode provider name : javassist
2018-02-02 11:31:46.208  INFO 996 --- [    Test worker] o.hibernate.annotations.common.Version   : HCANN000001: Hibernate Commons Annotations {5.0.1.Final}
2018-02-02 11:31:46.409  INFO 996 --- [    Test worker] org.hibernate.dialect.Dialect            : HHH000400: Using dialect: org.hibernate.dialect.H2Dialect
2018-02-02 11:31:47.063  INFO 996 --- [    Test worker] org.hibernate.tool.hbm2ddl.SchemaUpdate  : HHH000228: Running hbm2ddl schema update
2018-02-02 11:31:47.085  INFO 996 --- [    Test worker] rmationExtractorJdbcDatabaseMetaDataImpl : HHH000262: Table not found: car
2018-02-02 11:31:47.087  INFO 996 --- [    Test worker] rmationExtractorJdbcDatabaseMetaDataImpl : HHH000262: Table not found: car
2018-02-02 11:31:47.100  INFO 996 --- [    Test worker] rmationExtractorJdbcDatabaseMetaDataImpl : HHH000262: Table not found: motorbike
2018-02-02 11:31:47.101  INFO 996 --- [    Test worker] rmationExtractorJdbcDatabaseMetaDataImpl : HHH000262: Table not found: motorbike
2018-02-02 11:31:47.172  INFO 996 --- [    Test worker] j.LocalContainerEntityManagerFactoryBean : Initialized JPA EntityManagerFactory for persistence unit 'default'
2018-02-02 11:31:47.534  INFO 996 --- [    Test worker] o.h.h.i.QueryTranslatorFactoryInitiator  : HHH000397: Using ASTQueryTranslatorFactory
2018-02-02 11:31:48.535  INFO 996 --- [    Test worker] s.w.s.m.m.a.RequestMappingHandlerAdapter : Looking for @ControllerAdvice: org.springframework.web.context.support.GenericWebApplicationContext@26d4a: startup date [Fri Feb 02 11:31:43 COT 2018]; root of context hierarchy
2018-02-02 11:31:48.658  INFO 996 --- [    Test worker] s.w.s.m.m.a.RequestMappingHandlerMapping : Mapped "{[/parking/car/out/{plate}],methods=[GET]}" onto public org.springframework.http.ResponseEntity<co.com.ceiba.parkinglotpaulo.domain.Car> co.com.ceiba.parkinglotpaulo.controller.CarController.getCarOut(java.lang.String) throws co.com.ceiba.parkinglotpaulo.utils.ParkingException,java.text.ParseException
2018-02-02 11:31:48.660  INFO 996 --- [    Test worker] s.w.s.m.m.a.RequestMappingHandlerMapping : Mapped "{[/parking/car/park/{plate}],methods=[GET]}" onto public org.springframework.http.ResponseEntity<co.com.ceiba.parkinglotpaulo.domain.Car> co.com.ceiba.parkinglotpaulo.controller.CarController.parkCar(java.lang.String) throws java.text.ParseException,co.com.ceiba.parkinglotpaulo.utils.ParkingException
2018-02-02 11:31:48.661  INFO 996 --- [    Test worker] s.w.s.m.m.a.RequestMappingHandlerMapping : Mapped "{[/parking/motorbike/park/{plate}/{cylinderCapacity}],methods=[GET]}" onto public org.springframework.http.ResponseEntity<co.com.ceiba.parkinglotpaulo.domain.Motorbike> co.com.ceiba.parkinglotpaulo.controller.MotorbikeController.parkMotorbike(java.lang.String,int) throws java.text.ParseException,co.com.ceiba.parkinglotpaulo.utils.ParkingException
2018-02-02 11:31:48.661  INFO 996 --- [    Test worker] s.w.s.m.m.a.RequestMappingHandlerMapping : Mapped "{[/parking/motorbike/out/{plate}],methods=[GET]}" onto public org.springframework.http.ResponseEntity<co.com.ceiba.parkinglotpaulo.domain.Motorbike> co.com.ceiba.parkinglotpaulo.controller.MotorbikeController.getMotorbikeOut(java.lang.String) throws co.com.ceiba.parkinglotpaulo.utils.ParkingException,java.text.ParseException
2018-02-02 11:31:48.663  INFO 996 --- [    Test worker] s.w.s.m.m.a.RequestMappingHandlerMapping : Mapped "{[/error]}" onto public org.springframework.http.ResponseEntity<java.util.Map<java.lang.String, java.lang.Object>> org.springframework.boot.autoconfigure.web.BasicErrorController.error(javax.servlet.http.HttpServletRequest)
2018-02-02 11:31:48.663  INFO 996 --- [    Test worker] s.w.s.m.m.a.RequestMappingHandlerMapping : Mapped "{[/error],produces=[text/html]}" onto public org.springframework.web.servlet.ModelAndView org.springframework.boot.autoconfigure.web.BasicErrorController.errorHtml(javax.servlet.http.HttpServletRequest,javax.servlet.http.HttpServletResponse)
2018-02-02 11:31:48.711  INFO 996 --- [    Test worker] o.s.w.s.handler.SimpleUrlHandlerMapping  : Mapped URL path [/webjars/**] onto handler of type [class org.springframework.web.servlet.resource.ResourceHttpRequestHandler]
2018-02-02 11:31:48.712  INFO 996 --- [    Test worker] o.s.w.s.handler.SimpleUrlHandlerMapping  : Mapped URL path [/**] onto handler of type [class org.springframework.web.servlet.resource.ResourceHttpRequestHandler]
2018-02-02 11:31:48.732  INFO 996 --- [    Test worker] .m.m.a.ExceptionHandlerExceptionResolver : Detected @ExceptionHandler methods in restResponseEntityExceptionHandler
2018-02-02 11:31:48.770  INFO 996 --- [    Test worker] o.s.w.s.handler.SimpleUrlHandlerMapping  : Mapped URL path [/**/favicon.ico] onto handler of type [class org.springframework.web.servlet.resource.ResourceHttpRequestHandler]
2018-02-02 11:31:49.126  INFO 996 --- [    Test worker] c.c.c.p.r.CarRepositoryIntTests          : Started CarRepositoryIntTests in 6.43 seconds (JVM running for 8.028)
]]></system-out>
  <system-err><![CDATA[]]></system-err>
</testsuite>
