<?xml version="1.0" encoding="UTF-8"?>
<testsuite name="co.com.ceiba.parkinglotpaulo.service.CarServiceUnitTests" tests="6" skipped="0" failures="0" errors="0" timestamp="2018-02-01T14:29:21" hostname="PAULO-GARCIA" time="0.053">
  <properties/>
  <testcase name="canGetOutParkedCar" classname="co.com.ceiba.parkinglotpaulo.service.CarServiceUnitTests" time="0.028"/>
  <testcase name="cantGetOutNonParkedCar" classname="co.com.ceiba.parkinglotpaulo.service.CarServiceUnitTests" time="0.004"/>
  <testcase name="cantParkAlreadyParkedCar" classname="co.com.ceiba.parkinglotpaulo.service.CarServiceUnitTests" time="0.004"/>
  <testcase name="plateBeginningInACantParkOutsideOfSundaysAndMondays" classname="co.com.ceiba.parkinglotpaulo.service.CarServiceUnitTests" time="0.003"/>
  <testcase name="canParkNonRestrictedCar" classname="co.com.ceiba.parkinglotpaulo.service.CarServiceUnitTests" time="0.003"/>
  <testcase name="cantParkIfCarPakingLotIsFull" classname="co.com.ceiba.parkinglotpaulo.service.CarServiceUnitTests" time="0.003"/>
  <system-out><![CDATA[2018-02-01 09:29:19.487  INFO 13144 --- [    Test worker] .b.t.c.SpringBootTestContextBootstrapper : Neither @ContextConfiguration nor @ContextHierarchy found for test class [co.com.ceiba.parkinglotpaulo.service.CarServiceUnitTests], using SpringBootContextLoader
2018-02-01 09:29:19.488  INFO 13144 --- [    Test worker] o.s.t.c.support.AbstractContextLoader    : Could not detect default resource locations for test class [co.com.ceiba.parkinglotpaulo.service.CarServiceUnitTests]: no resource found for suffixes {-context.xml, Context.groovy}.
2018-02-01 09:29:19.495  INFO 13144 --- [    Test worker] .b.t.c.SpringBootTestContextBootstrapper : Loaded default TestExecutionListener class names from location [META-INF/spring.factories]: [org.springframework.boot.test.mock.mockito.MockitoTestExecutionListener, org.springframework.boot.test.mock.mockito.ResetMocksTestExecutionListener, org.springframework.boot.test.autoconfigure.restdocs.RestDocsTestExecutionListener, org.springframework.boot.test.autoconfigure.web.client.MockRestServiceServerResetTestExecutionListener, org.springframework.boot.test.autoconfigure.web.servlet.MockMvcPrintOnlyOnFailureTestExecutionListener, org.springframework.boot.test.autoconfigure.web.servlet.WebDriverTestExecutionListener, org.springframework.test.context.web.ServletTestExecutionListener, org.springframework.test.context.support.DirtiesContextBeforeModesTestExecutionListener, org.springframework.test.context.support.DependencyInjectionTestExecutionListener, org.springframework.test.context.support.DirtiesContextTestExecutionListener, org.springframework.test.context.transaction.TransactionalTestExecutionListener, org.springframework.test.context.jdbc.SqlScriptsTestExecutionListener]
2018-02-01 09:29:19.497  INFO 13144 --- [    Test worker] .b.t.c.SpringBootTestContextBootstrapper : Using TestExecutionListeners: [org.springframework.test.context.web.ServletTestExecutionListener@7d7e79da, org.springframework.test.context.support.DirtiesContextBeforeModesTestExecutionListener@11a5e31c, org.springframework.boot.test.autoconfigure.SpringBootDependencyInjectionTestExecutionListener@41a701f4, org.springframework.test.context.support.DirtiesContextTestExecutionListener@16443c8f, org.springframework.test.context.transaction.TransactionalTestExecutionListener@187a2734, org.springframework.test.context.jdbc.SqlScriptsTestExecutionListener@26f98a24, org.springframework.boot.test.autoconfigure.web.client.MockRestServiceServerResetTestExecutionListener@5fa897ae, org.springframework.boot.test.autoconfigure.web.servlet.MockMvcPrintOnlyOnFailureTestExecutionListener@683f7890, org.springframework.boot.test.autoconfigure.web.servlet.WebDriverTestExecutionListener@2135b124, org.springframework.boot.test.mock.mockito.MockitoTestExecutionListener@4bf7b78c, org.springframework.boot.test.autoconfigure.restdocs.RestDocsTestExecutionListener@50f94cbb, org.springframework.boot.test.mock.mockito.ResetMocksTestExecutionListener@439145cc]

  .   ____          _            __ _ _
 /\\ / ___'_ __ _ _(_)_ __  __ _ \ \ \ \
( ( )\___ | '_ | '_| | '_ \/ _` | \ \ \ \
 \\/  ___)| |_)| | | | | || (_| |  ) ) ) )
  '  |____| .__|_| |_|_| |_\__, | / / / /
 =========|_|==============|___/=/_/_/_/
 :: Spring Boot ::        (v1.5.9.RELEASE)

2018-02-01 09:29:19.560  INFO 13144 --- [    Test worker] c.c.c.p.service.CarServiceUnitTests      : Starting CarServiceUnitTests on PAULO-GARCIA with PID 13144 (started by paulo.garcia in C:\Users\paulo.garcia\Documents\GitHub\parking-lot\Java\parking-lot-paulo)
2018-02-01 09:29:19.560  INFO 13144 --- [    Test worker] c.c.c.p.service.CarServiceUnitTests      : No active profile set, falling back to default profiles: default
2018-02-01 09:29:19.564  INFO 13144 --- [    Test worker] o.s.w.c.s.GenericWebApplicationContext   : Refreshing org.springframework.web.context.support.GenericWebApplicationContext@5b90f484: startup date [Thu Feb 01 09:29:19 COT 2018]; root of context hierarchy
2018-02-01 09:29:20.481  INFO 13144 --- [    Test worker] j.LocalContainerEntityManagerFactoryBean : Building JPA container EntityManagerFactory for persistence unit 'default'
2018-02-01 09:29:20.481  INFO 13144 --- [    Test worker] o.hibernate.jpa.internal.util.LogHelper  : HHH000204: Processing PersistenceUnitInfo [
	name: default
	...]
2018-02-01 09:29:20.492  INFO 13144 --- [    Test worker] org.hibernate.dialect.Dialect            : HHH000400: Using dialect: org.hibernate.dialect.H2Dialect
2018-02-01 09:29:20.527  INFO 13144 --- [    Test worker] org.hibernate.tool.hbm2ddl.SchemaUpdate  : HHH000228: Running hbm2ddl schema update
2018-02-01 09:29:20.551  WARN 13144 --- [    Test worker] o.h.j.i.EntityManagerFactoryRegistry     : HHH000436: Entity manager factory name (default) is already registered.  If entity manager will be clustered or passivated, specify a unique value for property 'hibernate.ejb.entitymanager_factory_name'
2018-02-01 09:29:20.551  INFO 13144 --- [    Test worker] j.LocalContainerEntityManagerFactoryBean : Initialized JPA EntityManagerFactory for persistence unit 'default'
2018-02-01 09:29:20.621  INFO 13144 --- [    Test worker] o.h.h.i.QueryTranslatorFactoryInitiator  : HHH000397: Using ASTQueryTranslatorFactory
2018-02-01 09:29:20.969  INFO 13144 --- [    Test worker] s.w.s.m.m.a.RequestMappingHandlerAdapter : Looking for @ControllerAdvice: org.springframework.web.context.support.GenericWebApplicationContext@5b90f484: startup date [Thu Feb 01 09:29:19 COT 2018]; root of context hierarchy
2018-02-01 09:29:20.991  INFO 13144 --- [    Test worker] s.w.s.m.m.a.RequestMappingHandlerMapping : Mapped "{[/parking/car/park/{plate}],methods=[GET]}" onto public org.springframework.http.ResponseEntity<co.com.ceiba.parkinglotpaulo.domain.Car> co.com.ceiba.parkinglotpaulo.controller.CarController.parkCar(java.lang.String) throws java.text.ParseException,co.com.ceiba.parkinglotpaulo.utils.ParkingException
2018-02-01 09:29:20.991  INFO 13144 --- [    Test worker] s.w.s.m.m.a.RequestMappingHandlerMapping : Mapped "{[/parking/car/out/{plate}],methods=[GET]}" onto public org.springframework.http.ResponseEntity<co.com.ceiba.parkinglotpaulo.domain.Car> co.com.ceiba.parkinglotpaulo.controller.CarController.getCarOut(java.lang.String) throws co.com.ceiba.parkinglotpaulo.utils.ParkingException,java.text.ParseException
2018-02-01 09:29:20.993  INFO 13144 --- [    Test worker] s.w.s.m.m.a.RequestMappingHandlerMapping : Mapped "{[/parking/motorbike/out/{plate}],methods=[GET]}" onto public org.springframework.http.ResponseEntity<co.com.ceiba.parkinglotpaulo.domain.Motorbike> co.com.ceiba.parkinglotpaulo.controller.MotorbikeController.getMotorbikeOut(java.lang.String) throws co.com.ceiba.parkinglotpaulo.utils.ParkingException,java.text.ParseException
2018-02-01 09:29:20.993  INFO 13144 --- [    Test worker] s.w.s.m.m.a.RequestMappingHandlerMapping : Mapped "{[/parking/motorbike/park/{plate}/{cylinderCapacity}],methods=[GET]}" onto public org.springframework.http.ResponseEntity<co.com.ceiba.parkinglotpaulo.domain.Motorbike> co.com.ceiba.parkinglotpaulo.controller.MotorbikeController.parkMotorbike(java.lang.String,int) throws java.text.ParseException,co.com.ceiba.parkinglotpaulo.utils.ParkingException
2018-02-01 09:29:20.995  INFO 13144 --- [    Test worker] s.w.s.m.m.a.RequestMappingHandlerMapping : Mapped "{[/error]}" onto public org.springframework.http.ResponseEntity<java.util.Map<java.lang.String, java.lang.Object>> org.springframework.boot.autoconfigure.web.BasicErrorController.error(javax.servlet.http.HttpServletRequest)
2018-02-01 09:29:20.995  INFO 13144 --- [    Test worker] s.w.s.m.m.a.RequestMappingHandlerMapping : Mapped "{[/error],produces=[text/html]}" onto public org.springframework.web.servlet.ModelAndView org.springframework.boot.autoconfigure.web.BasicErrorController.errorHtml(javax.servlet.http.HttpServletRequest,javax.servlet.http.HttpServletResponse)
2018-02-01 09:29:21.036  INFO 13144 --- [    Test worker] o.s.w.s.handler.SimpleUrlHandlerMapping  : Mapped URL path [/webjars/**] onto handler of type [class org.springframework.web.servlet.resource.ResourceHttpRequestHandler]
2018-02-01 09:29:21.037  INFO 13144 --- [    Test worker] o.s.w.s.handler.SimpleUrlHandlerMapping  : Mapped URL path [/**] onto handler of type [class org.springframework.web.servlet.resource.ResourceHttpRequestHandler]
2018-02-01 09:29:21.055  INFO 13144 --- [    Test worker] .m.m.a.ExceptionHandlerExceptionResolver : Detected @ExceptionHandler methods in restResponseEntityExceptionHandler
2018-02-01 09:29:21.083  INFO 13144 --- [    Test worker] o.s.w.s.handler.SimpleUrlHandlerMapping  : Mapped URL path [/**/favicon.ico] onto handler of type [class org.springframework.web.servlet.resource.ResourceHttpRequestHandler]
2018-02-01 09:29:21.325  INFO 13144 --- [    Test worker] c.c.c.p.service.CarServiceUnitTests      : Started CarServiceUnitTests in 1.821 seconds (JVM running for 12.135)
]]></system-out>
  <system-err><![CDATA[]]></system-err>
</testsuite>
