<?xml version="1.0" encoding="UTF-8"?>
<testsuite name="co.com.ceiba.parkinglotpaulo.repository.MotorbikeRepositoryIntTests" tests="3" skipped="0" failures="0" errors="0" timestamp="2018-02-01T14:29:19" hostname="PAULO-GARCIA" time="0.056">
  <properties/>
  <testcase name="parkedMotorbikeCountIsCorrect" classname="co.com.ceiba.parkinglotpaulo.repository.MotorbikeRepositoryIntTests" time="0.032"/>
  <testcase name="nonParkedMotorbikeIsntDetected" classname="co.com.ceiba.parkinglotpaulo.repository.MotorbikeRepositoryIntTests" time="0.011"/>
  <testcase name="alreadyParkedMotorbikeIsDetected" classname="co.com.ceiba.parkinglotpaulo.repository.MotorbikeRepositoryIntTests" time="0.011"/>
  <system-out><![CDATA[2018-02-01 09:29:17.629  INFO 13144 --- [    Test worker] .b.t.c.SpringBootTestContextBootstrapper : Neither @ContextConfiguration nor @ContextHierarchy found for test class [co.com.ceiba.parkinglotpaulo.repository.MotorbikeRepositoryIntTests], using SpringBootContextLoader
2018-02-01 09:29:17.630  INFO 13144 --- [    Test worker] o.s.t.c.support.AbstractContextLoader    : Could not detect default resource locations for test class [co.com.ceiba.parkinglotpaulo.repository.MotorbikeRepositoryIntTests]: no resource found for suffixes {-context.xml, Context.groovy}.
2018-02-01 09:29:17.640  INFO 13144 --- [    Test worker] .b.t.c.SpringBootTestContextBootstrapper : Loaded default TestExecutionListener class names from location [META-INF/spring.factories]: [org.springframework.boot.test.mock.mockito.MockitoTestExecutionListener, org.springframework.boot.test.mock.mockito.ResetMocksTestExecutionListener, org.springframework.boot.test.autoconfigure.restdocs.RestDocsTestExecutionListener, org.springframework.boot.test.autoconfigure.web.client.MockRestServiceServerResetTestExecutionListener, org.springframework.boot.test.autoconfigure.web.servlet.MockMvcPrintOnlyOnFailureTestExecutionListener, org.springframework.boot.test.autoconfigure.web.servlet.WebDriverTestExecutionListener, org.springframework.test.context.web.ServletTestExecutionListener, org.springframework.test.context.support.DirtiesContextBeforeModesTestExecutionListener, org.springframework.test.context.support.DependencyInjectionTestExecutionListener, org.springframework.test.context.support.DirtiesContextTestExecutionListener, org.springframework.test.context.transaction.TransactionalTestExecutionListener, org.springframework.test.context.jdbc.SqlScriptsTestExecutionListener]
2018-02-01 09:29:17.643  INFO 13144 --- [    Test worker] .b.t.c.SpringBootTestContextBootstrapper : Using TestExecutionListeners: [org.springframework.test.context.web.ServletTestExecutionListener@4f3a773e, org.springframework.test.context.support.DirtiesContextBeforeModesTestExecutionListener@4017594b, org.springframework.boot.test.autoconfigure.SpringBootDependencyInjectionTestExecutionListener@7cd84fb1, org.springframework.test.context.support.DirtiesContextTestExecutionListener@16fa0349, org.springframework.test.context.transaction.TransactionalTestExecutionListener@a65052f, org.springframework.test.context.jdbc.SqlScriptsTestExecutionListener@70c2d829, org.springframework.boot.test.autoconfigure.web.client.MockRestServiceServerResetTestExecutionListener@4ed9b447, org.springframework.boot.test.autoconfigure.web.servlet.MockMvcPrintOnlyOnFailureTestExecutionListener@8ff069e, org.springframework.boot.test.autoconfigure.web.servlet.WebDriverTestExecutionListener@2a9136d3, org.springframework.boot.test.mock.mockito.MockitoTestExecutionListener@4cf4a038, org.springframework.boot.test.autoconfigure.restdocs.RestDocsTestExecutionListener@4f8c5e6d, org.springframework.boot.test.mock.mockito.ResetMocksTestExecutionListener@3fb76af4]

  .   ____          _            __ _ _
 /\\ / ___'_ __ _ _(_)_ __  __ _ \ \ \ \
( ( )\___ | '_ | '_| | '_ \/ _` | \ \ \ \
 \\/  ___)| |_)| | | | | || (_| |  ) ) ) )
  '  |____| .__|_| |_|_| |_\__, | / / / /
 =========|_|==============|___/=/_/_/_/
 :: Spring Boot ::        (v1.5.9.RELEASE)

2018-02-01 09:29:17.703  INFO 13144 --- [    Test worker] c.c.c.p.r.MotorbikeRepositoryIntTests    : Starting MotorbikeRepositoryIntTests on PAULO-GARCIA with PID 13144 (started by paulo.garcia in C:\Users\paulo.garcia\Documents\GitHub\parking-lot\Java\parking-lot-paulo)
2018-02-01 09:29:17.703  INFO 13144 --- [    Test worker] c.c.c.p.r.MotorbikeRepositoryIntTests    : No active profile set, falling back to default profiles: default
2018-02-01 09:29:17.707  INFO 13144 --- [    Test worker] o.s.w.c.s.GenericWebApplicationContext   : Refreshing org.springframework.web.context.support.GenericWebApplicationContext@69b1d4f1: startup date [Thu Feb 01 09:29:17 COT 2018]; root of context hierarchy
2018-02-01 09:29:18.512  INFO 13144 --- [    Test worker] j.LocalContainerEntityManagerFactoryBean : Building JPA container EntityManagerFactory for persistence unit 'default'
2018-02-01 09:29:18.512  INFO 13144 --- [    Test worker] o.hibernate.jpa.internal.util.LogHelper  : HHH000204: Processing PersistenceUnitInfo [
	name: default
	...]
2018-02-01 09:29:18.524  INFO 13144 --- [    Test worker] org.hibernate.dialect.Dialect            : HHH000400: Using dialect: org.hibernate.dialect.H2Dialect
2018-02-01 09:29:18.555  INFO 13144 --- [    Test worker] org.hibernate.tool.hbm2ddl.SchemaUpdate  : HHH000228: Running hbm2ddl schema update
2018-02-01 09:29:18.583  WARN 13144 --- [    Test worker] o.h.j.i.EntityManagerFactoryRegistry     : HHH000436: Entity manager factory name (default) is already registered.  If entity manager will be clustered or passivated, specify a unique value for property 'hibernate.ejb.entitymanager_factory_name'
2018-02-01 09:29:18.583  INFO 13144 --- [    Test worker] j.LocalContainerEntityManagerFactoryBean : Initialized JPA EntityManagerFactory for persistence unit 'default'
2018-02-01 09:29:18.639  INFO 13144 --- [    Test worker] o.h.h.i.QueryTranslatorFactoryInitiator  : HHH000397: Using ASTQueryTranslatorFactory
2018-02-01 09:29:18.999  INFO 13144 --- [    Test worker] s.w.s.m.m.a.RequestMappingHandlerAdapter : Looking for @ControllerAdvice: org.springframework.web.context.support.GenericWebApplicationContext@69b1d4f1: startup date [Thu Feb 01 09:29:17 COT 2018]; root of context hierarchy
2018-02-01 09:29:19.031  INFO 13144 --- [    Test worker] s.w.s.m.m.a.RequestMappingHandlerMapping : Mapped "{[/parking/car/park/{plate}],methods=[GET]}" onto public org.springframework.http.ResponseEntity<co.com.ceiba.parkinglotpaulo.domain.Car> co.com.ceiba.parkinglotpaulo.controller.CarController.parkCar(java.lang.String) throws java.text.ParseException,co.com.ceiba.parkinglotpaulo.utils.ParkingException
2018-02-01 09:29:19.032  INFO 13144 --- [    Test worker] s.w.s.m.m.a.RequestMappingHandlerMapping : Mapped "{[/parking/car/out/{plate}],methods=[GET]}" onto public org.springframework.http.ResponseEntity<co.com.ceiba.parkinglotpaulo.domain.Car> co.com.ceiba.parkinglotpaulo.controller.CarController.getCarOut(java.lang.String) throws co.com.ceiba.parkinglotpaulo.utils.ParkingException,java.text.ParseException
2018-02-01 09:29:19.033  INFO 13144 --- [    Test worker] s.w.s.m.m.a.RequestMappingHandlerMapping : Mapped "{[/parking/motorbike/out/{plate}],methods=[GET]}" onto public org.springframework.http.ResponseEntity<co.com.ceiba.parkinglotpaulo.domain.Motorbike> co.com.ceiba.parkinglotpaulo.controller.MotorbikeController.getMotorbikeOut(java.lang.String) throws co.com.ceiba.parkinglotpaulo.utils.ParkingException,java.text.ParseException
2018-02-01 09:29:19.034  INFO 13144 --- [    Test worker] s.w.s.m.m.a.RequestMappingHandlerMapping : Mapped "{[/parking/motorbike/park/{plate}/{cylinderCapacity}],methods=[GET]}" onto public org.springframework.http.ResponseEntity<co.com.ceiba.parkinglotpaulo.domain.Motorbike> co.com.ceiba.parkinglotpaulo.controller.MotorbikeController.parkMotorbike(java.lang.String,int) throws java.text.ParseException,co.com.ceiba.parkinglotpaulo.utils.ParkingException
2018-02-01 09:29:19.037  INFO 13144 --- [    Test worker] s.w.s.m.m.a.RequestMappingHandlerMapping : Mapped "{[/error]}" onto public org.springframework.http.ResponseEntity<java.util.Map<java.lang.String, java.lang.Object>> org.springframework.boot.autoconfigure.web.BasicErrorController.error(javax.servlet.http.HttpServletRequest)
2018-02-01 09:29:19.037  INFO 13144 --- [    Test worker] s.w.s.m.m.a.RequestMappingHandlerMapping : Mapped "{[/error],produces=[text/html]}" onto public org.springframework.web.servlet.ModelAndView org.springframework.boot.autoconfigure.web.BasicErrorController.errorHtml(javax.servlet.http.HttpServletRequest,javax.servlet.http.HttpServletResponse)
2018-02-01 09:29:19.080  INFO 13144 --- [    Test worker] o.s.w.s.handler.SimpleUrlHandlerMapping  : Mapped URL path [/webjars/**] onto handler of type [class org.springframework.web.servlet.resource.ResourceHttpRequestHandler]
2018-02-01 09:29:19.080  INFO 13144 --- [    Test worker] o.s.w.s.handler.SimpleUrlHandlerMapping  : Mapped URL path [/**] onto handler of type [class org.springframework.web.servlet.resource.ResourceHttpRequestHandler]
2018-02-01 09:29:19.094  INFO 13144 --- [    Test worker] .m.m.a.ExceptionHandlerExceptionResolver : Detected @ExceptionHandler methods in restResponseEntityExceptionHandler
2018-02-01 09:29:19.120  INFO 13144 --- [    Test worker] o.s.w.s.handler.SimpleUrlHandlerMapping  : Mapped URL path [/**/favicon.ico] onto handler of type [class org.springframework.web.servlet.resource.ResourceHttpRequestHandler]
2018-02-01 09:29:19.422  INFO 13144 --- [    Test worker] c.c.c.p.r.MotorbikeRepositoryIntTests    : Started MotorbikeRepositoryIntTests in 1.771 seconds (JVM running for 10.232)
]]></system-out>
  <system-err><![CDATA[]]></system-err>
</testsuite>
