<?xml version="1.0" encoding="UTF-8"?>
<testsuite name="co.com.ceiba.parkinglotpaulo.repository.MotorbikeRepositoryIntTests" tests="3" skipped="0" failures="0" errors="0" timestamp="2018-02-02T16:31:51" hostname="PAULO-GARCIA" time="0.06">
  <properties/>
  <testcase name="parkedMotorbikeCountIsCorrect" classname="co.com.ceiba.parkinglotpaulo.repository.MotorbikeRepositoryIntTests" time="0.034"/>
  <testcase name="nonParkedMotorbikeIsntDetected" classname="co.com.ceiba.parkinglotpaulo.repository.MotorbikeRepositoryIntTests" time="0.014"/>
  <testcase name="alreadyParkedMotorbikeIsDetected" classname="co.com.ceiba.parkinglotpaulo.repository.MotorbikeRepositoryIntTests" time="0.012"/>
  <system-out><![CDATA[2018-02-02 11:31:49.463  INFO 996 --- [    Test worker] .b.t.c.SpringBootTestContextBootstrapper : Neither @ContextConfiguration nor @ContextHierarchy found for test class [co.com.ceiba.parkinglotpaulo.repository.MotorbikeRepositoryIntTests], using SpringBootContextLoader
2018-02-02 11:31:49.464  INFO 996 --- [    Test worker] o.s.t.c.support.AbstractContextLoader    : Could not detect default resource locations for test class [co.com.ceiba.parkinglotpaulo.repository.MotorbikeRepositoryIntTests]: no resource found for suffixes {-context.xml, Context.groovy}.
2018-02-02 11:31:49.471  INFO 996 --- [    Test worker] .b.t.c.SpringBootTestContextBootstrapper : Loaded default TestExecutionListener class names from location [META-INF/spring.factories]: [org.springframework.boot.test.autoconfigure.restdocs.RestDocsTestExecutionListener, org.springframework.boot.test.autoconfigure.web.client.MockRestServiceServerResetTestExecutionListener, org.springframework.boot.test.autoconfigure.web.servlet.MockMvcPrintOnlyOnFailureTestExecutionListener, org.springframework.boot.test.autoconfigure.web.servlet.WebDriverTestExecutionListener, org.springframework.boot.test.mock.mockito.MockitoTestExecutionListener, org.springframework.boot.test.mock.mockito.ResetMocksTestExecutionListener, org.springframework.test.context.web.ServletTestExecutionListener, org.springframework.test.context.support.DirtiesContextBeforeModesTestExecutionListener, org.springframework.test.context.support.DependencyInjectionTestExecutionListener, org.springframework.test.context.support.DirtiesContextTestExecutionListener, org.springframework.test.context.transaction.TransactionalTestExecutionListener, org.springframework.test.context.jdbc.SqlScriptsTestExecutionListener]
2018-02-02 11:31:49.474  INFO 996 --- [    Test worker] .b.t.c.SpringBootTestContextBootstrapper : Using TestExecutionListeners: [org.springframework.test.context.web.ServletTestExecutionListener@a7cc2c1, org.springframework.test.context.support.DirtiesContextBeforeModesTestExecutionListener@487fd4e, org.springframework.boot.test.autoconfigure.SpringBootDependencyInjectionTestExecutionListener@1270ffee, org.springframework.test.context.support.DirtiesContextTestExecutionListener@24d1501d, org.springframework.test.context.transaction.TransactionalTestExecutionListener@48d7f48c, org.springframework.test.context.jdbc.SqlScriptsTestExecutionListener@73011d55, org.springframework.boot.test.mock.mockito.ResetMocksTestExecutionListener@661b0354, org.springframework.boot.test.autoconfigure.restdocs.RestDocsTestExecutionListener@48e4e632, org.springframework.boot.test.autoconfigure.web.servlet.WebDriverTestExecutionListener@3f601836, org.springframework.boot.test.mock.mockito.MockitoTestExecutionListener@4470413a, org.springframework.boot.test.autoconfigure.web.client.MockRestServiceServerResetTestExecutionListener@7acffb43, org.springframework.boot.test.autoconfigure.web.servlet.MockMvcPrintOnlyOnFailureTestExecutionListener@15f5575e]

  .   ____          _            __ _ _
 /\\ / ___'_ __ _ _(_)_ __  __ _ \ \ \ \
( ( )\___ | '_ | '_| | '_ \/ _` | \ \ \ \
 \\/  ___)| |_)| | | | | || (_| |  ) ) ) )
  '  |____| .__|_| |_|_| |_\__, | / / / /
 =========|_|==============|___/=/_/_/_/
 :: Spring Boot ::        (v1.5.9.RELEASE)

2018-02-02 11:31:49.533  INFO 996 --- [    Test worker] c.c.c.p.r.MotorbikeRepositoryIntTests    : Starting MotorbikeRepositoryIntTests on PAULO-GARCIA with PID 996 (started by paulo.garcia in C:\Users\paulo.garcia\Documents\GitHub\parking-lot\Java\parking-lot-paulo)
2018-02-02 11:31:49.533  INFO 996 --- [    Test worker] c.c.c.p.r.MotorbikeRepositoryIntTests    : No active profile set, falling back to default profiles: default
2018-02-02 11:31:49.536  INFO 996 --- [    Test worker] o.s.w.c.s.GenericWebApplicationContext   : Refreshing org.springframework.web.context.support.GenericWebApplicationContext@59dfa833: startup date [Fri Feb 02 11:31:49 COT 2018]; root of context hierarchy
2018-02-02 11:31:50.369  INFO 996 --- [    Test worker] j.LocalContainerEntityManagerFactoryBean : Building JPA container EntityManagerFactory for persistence unit 'default'
2018-02-02 11:31:50.370  INFO 996 --- [    Test worker] o.hibernate.jpa.internal.util.LogHelper  : HHH000204: Processing PersistenceUnitInfo [
	name: default
	...]
2018-02-02 11:31:50.382  INFO 996 --- [    Test worker] org.hibernate.dialect.Dialect            : HHH000400: Using dialect: org.hibernate.dialect.H2Dialect
2018-02-02 11:31:50.414  INFO 996 --- [    Test worker] org.hibernate.tool.hbm2ddl.SchemaUpdate  : HHH000228: Running hbm2ddl schema update
2018-02-02 11:31:50.444  WARN 996 --- [    Test worker] o.h.j.i.EntityManagerFactoryRegistry     : HHH000436: Entity manager factory name (default) is already registered.  If entity manager will be clustered or passivated, specify a unique value for property 'hibernate.ejb.entitymanager_factory_name'
2018-02-02 11:31:50.444  INFO 996 --- [    Test worker] j.LocalContainerEntityManagerFactoryBean : Initialized JPA EntityManagerFactory for persistence unit 'default'
2018-02-02 11:31:50.519  INFO 996 --- [    Test worker] o.h.h.i.QueryTranslatorFactoryInitiator  : HHH000397: Using ASTQueryTranslatorFactory
2018-02-02 11:31:50.907  INFO 996 --- [    Test worker] s.w.s.m.m.a.RequestMappingHandlerAdapter : Looking for @ControllerAdvice: org.springframework.web.context.support.GenericWebApplicationContext@59dfa833: startup date [Fri Feb 02 11:31:49 COT 2018]; root of context hierarchy
2018-02-02 11:31:50.940  INFO 996 --- [    Test worker] s.w.s.m.m.a.RequestMappingHandlerMapping : Mapped "{[/parking/car/out/{plate}],methods=[GET]}" onto public org.springframework.http.ResponseEntity<co.com.ceiba.parkinglotpaulo.domain.Car> co.com.ceiba.parkinglotpaulo.controller.CarController.getCarOut(java.lang.String) throws co.com.ceiba.parkinglotpaulo.utils.ParkingException,java.text.ParseException
2018-02-02 11:31:50.941  INFO 996 --- [    Test worker] s.w.s.m.m.a.RequestMappingHandlerMapping : Mapped "{[/parking/car/park/{plate}],methods=[GET]}" onto public org.springframework.http.ResponseEntity<co.com.ceiba.parkinglotpaulo.domain.Car> co.com.ceiba.parkinglotpaulo.controller.CarController.parkCar(java.lang.String) throws java.text.ParseException,co.com.ceiba.parkinglotpaulo.utils.ParkingException
2018-02-02 11:31:50.942  INFO 996 --- [    Test worker] s.w.s.m.m.a.RequestMappingHandlerMapping : Mapped "{[/parking/motorbike/park/{plate}/{cylinderCapacity}],methods=[GET]}" onto public org.springframework.http.ResponseEntity<co.com.ceiba.parkinglotpaulo.domain.Motorbike> co.com.ceiba.parkinglotpaulo.controller.MotorbikeController.parkMotorbike(java.lang.String,int) throws java.text.ParseException,co.com.ceiba.parkinglotpaulo.utils.ParkingException
2018-02-02 11:31:50.943  INFO 996 --- [    Test worker] s.w.s.m.m.a.RequestMappingHandlerMapping : Mapped "{[/parking/motorbike/out/{plate}],methods=[GET]}" onto public org.springframework.http.ResponseEntity<co.com.ceiba.parkinglotpaulo.domain.Motorbike> co.com.ceiba.parkinglotpaulo.controller.MotorbikeController.getMotorbikeOut(java.lang.String) throws co.com.ceiba.parkinglotpaulo.utils.ParkingException,java.text.ParseException
2018-02-02 11:31:50.946  INFO 996 --- [    Test worker] s.w.s.m.m.a.RequestMappingHandlerMapping : Mapped "{[/error]}" onto public org.springframework.http.ResponseEntity<java.util.Map<java.lang.String, java.lang.Object>> org.springframework.boot.autoconfigure.web.BasicErrorController.error(javax.servlet.http.HttpServletRequest)
2018-02-02 11:31:50.947  INFO 996 --- [    Test worker] s.w.s.m.m.a.RequestMappingHandlerMapping : Mapped "{[/error],produces=[text/html]}" onto public org.springframework.web.servlet.ModelAndView org.springframework.boot.autoconfigure.web.BasicErrorController.errorHtml(javax.servlet.http.HttpServletRequest,javax.servlet.http.HttpServletResponse)
2018-02-02 11:31:50.985  INFO 996 --- [    Test worker] o.s.w.s.handler.SimpleUrlHandlerMapping  : Mapped URL path [/webjars/**] onto handler of type [class org.springframework.web.servlet.resource.ResourceHttpRequestHandler]
2018-02-02 11:31:50.986  INFO 996 --- [    Test worker] o.s.w.s.handler.SimpleUrlHandlerMapping  : Mapped URL path [/**] onto handler of type [class org.springframework.web.servlet.resource.ResourceHttpRequestHandler]
2018-02-02 11:31:51.002  INFO 996 --- [    Test worker] .m.m.a.ExceptionHandlerExceptionResolver : Detected @ExceptionHandler methods in restResponseEntityExceptionHandler
2018-02-02 11:31:51.032  INFO 996 --- [    Test worker] o.s.w.s.handler.SimpleUrlHandlerMapping  : Mapped URL path [/**/favicon.ico] onto handler of type [class org.springframework.web.servlet.resource.ResourceHttpRequestHandler]
2018-02-02 11:31:51.331  INFO 996 --- [    Test worker] c.c.c.p.r.MotorbikeRepositoryIntTests    : Started MotorbikeRepositoryIntTests in 1.851 seconds (JVM running for 10.228)
]]></system-out>
  <system-err><![CDATA[]]></system-err>
</testsuite>
