<?xml version="1.0" encoding="UTF-8"?>
<testsuite name="co.com.ceiba.parkinglotpaulo.service.CarServiceUnitTests" tests="6" skipped="0" failures="0" errors="0" timestamp="2018-02-02T16:31:53" hostname="PAULO-GARCIA" time="0.067">
  <properties/>
  <testcase name="canGetOutParkedCar" classname="co.com.ceiba.parkinglotpaulo.service.CarServiceUnitTests" time="0.04"/>
  <testcase name="cantGetOutNonParkedCar" classname="co.com.ceiba.parkinglotpaulo.service.CarServiceUnitTests" time="0.005"/>
  <testcase name="cantParkAlreadyParkedCar" classname="co.com.ceiba.parkinglotpaulo.service.CarServiceUnitTests" time="0.004"/>
  <testcase name="plateBeginningInACantParkOutsideOfSundaysAndMondays" classname="co.com.ceiba.parkinglotpaulo.service.CarServiceUnitTests" time="0.003"/>
  <testcase name="canParkNonRestrictedCar" classname="co.com.ceiba.parkinglotpaulo.service.CarServiceUnitTests" time="0.004"/>
  <testcase name="cantParkIfCarPakingLotIsFull" classname="co.com.ceiba.parkinglotpaulo.service.CarServiceUnitTests" time="0.003"/>
  <system-out><![CDATA[2018-02-02 11:31:51.402  INFO 996 --- [    Test worker] .b.t.c.SpringBootTestContextBootstrapper : Neither @ContextConfiguration nor @ContextHierarchy found for test class [co.com.ceiba.parkinglotpaulo.service.CarServiceUnitTests], using SpringBootContextLoader
2018-02-02 11:31:51.403  INFO 996 --- [    Test worker] o.s.t.c.support.AbstractContextLoader    : Could not detect default resource locations for test class [co.com.ceiba.parkinglotpaulo.service.CarServiceUnitTests]: no resource found for suffixes {-context.xml, Context.groovy}.
2018-02-02 11:31:51.411  INFO 996 --- [    Test worker] .b.t.c.SpringBootTestContextBootstrapper : Loaded default TestExecutionListener class names from location [META-INF/spring.factories]: [org.springframework.boot.test.autoconfigure.restdocs.RestDocsTestExecutionListener, org.springframework.boot.test.autoconfigure.web.client.MockRestServiceServerResetTestExecutionListener, org.springframework.boot.test.autoconfigure.web.servlet.MockMvcPrintOnlyOnFailureTestExecutionListener, org.springframework.boot.test.autoconfigure.web.servlet.WebDriverTestExecutionListener, org.springframework.boot.test.mock.mockito.MockitoTestExecutionListener, org.springframework.boot.test.mock.mockito.ResetMocksTestExecutionListener, org.springframework.test.context.web.ServletTestExecutionListener, org.springframework.test.context.support.DirtiesContextBeforeModesTestExecutionListener, org.springframework.test.context.support.DependencyInjectionTestExecutionListener, org.springframework.test.context.support.DirtiesContextTestExecutionListener, org.springframework.test.context.transaction.TransactionalTestExecutionListener, org.springframework.test.context.jdbc.SqlScriptsTestExecutionListener]
2018-02-02 11:31:51.413  INFO 996 --- [    Test worker] .b.t.c.SpringBootTestContextBootstrapper : Using TestExecutionListeners: [org.springframework.test.context.web.ServletTestExecutionListener@24fd2fc9, org.springframework.test.context.support.DirtiesContextBeforeModesTestExecutionListener@c6d2901, org.springframework.boot.test.autoconfigure.SpringBootDependencyInjectionTestExecutionListener@12fa9ffd, org.springframework.test.context.support.DirtiesContextTestExecutionListener@2a2d53ee, org.springframework.test.context.transaction.TransactionalTestExecutionListener@6763a205, org.springframework.test.context.jdbc.SqlScriptsTestExecutionListener@2a3aac9, org.springframework.boot.test.mock.mockito.ResetMocksTestExecutionListener@44e0c817, org.springframework.boot.test.autoconfigure.restdocs.RestDocsTestExecutionListener@4924146, org.springframework.boot.test.autoconfigure.web.servlet.WebDriverTestExecutionListener@7e9bb85b, org.springframework.boot.test.mock.mockito.MockitoTestExecutionListener@61f1a0a3, org.springframework.boot.test.autoconfigure.web.client.MockRestServiceServerResetTestExecutionListener@23936cfa, org.springframework.boot.test.autoconfigure.web.servlet.MockMvcPrintOnlyOnFailureTestExecutionListener@359d81bf]

  .   ____          _            __ _ _
 /\\ / ___'_ __ _ _(_)_ __  __ _ \ \ \ \
( ( )\___ | '_ | '_| | '_ \/ _` | \ \ \ \
 \\/  ___)| |_)| | | | | || (_| |  ) ) ) )
  '  |____| .__|_| |_|_| |_\__, | / / / /
 =========|_|==============|___/=/_/_/_/
 :: Spring Boot ::        (v1.5.9.RELEASE)

2018-02-02 11:31:51.474  INFO 996 --- [    Test worker] c.c.c.p.service.CarServiceUnitTests      : Starting CarServiceUnitTests on PAULO-GARCIA with PID 996 (started by paulo.garcia in C:\Users\paulo.garcia\Documents\GitHub\parking-lot\Java\parking-lot-paulo)
2018-02-02 11:31:51.475  INFO 996 --- [    Test worker] c.c.c.p.service.CarServiceUnitTests      : No active profile set, falling back to default profiles: default
2018-02-02 11:31:51.478  INFO 996 --- [    Test worker] o.s.w.c.s.GenericWebApplicationContext   : Refreshing org.springframework.web.context.support.GenericWebApplicationContext@56dfc7b7: startup date [Fri Feb 02 11:31:51 COT 2018]; root of context hierarchy
2018-02-02 11:31:52.443  INFO 996 --- [    Test worker] j.LocalContainerEntityManagerFactoryBean : Building JPA container EntityManagerFactory for persistence unit 'default'
2018-02-02 11:31:52.443  INFO 996 --- [    Test worker] o.hibernate.jpa.internal.util.LogHelper  : HHH000204: Processing PersistenceUnitInfo [
	name: default
	...]
2018-02-02 11:31:52.455  INFO 996 --- [    Test worker] org.hibernate.dialect.Dialect            : HHH000400: Using dialect: org.hibernate.dialect.H2Dialect
2018-02-02 11:31:52.486  INFO 996 --- [    Test worker] org.hibernate.tool.hbm2ddl.SchemaUpdate  : HHH000228: Running hbm2ddl schema update
2018-02-02 11:31:52.508  WARN 996 --- [    Test worker] o.h.j.i.EntityManagerFactoryRegistry     : HHH000436: Entity manager factory name (default) is already registered.  If entity manager will be clustered or passivated, specify a unique value for property 'hibernate.ejb.entitymanager_factory_name'
2018-02-02 11:31:52.508  INFO 996 --- [    Test worker] j.LocalContainerEntityManagerFactoryBean : Initialized JPA EntityManagerFactory for persistence unit 'default'
2018-02-02 11:31:52.588  INFO 996 --- [    Test worker] o.h.h.i.QueryTranslatorFactoryInitiator  : HHH000397: Using ASTQueryTranslatorFactory
2018-02-02 11:31:52.879  INFO 996 --- [    Test worker] s.w.s.m.m.a.RequestMappingHandlerAdapter : Looking for @ControllerAdvice: org.springframework.web.context.support.GenericWebApplicationContext@56dfc7b7: startup date [Fri Feb 02 11:31:51 COT 2018]; root of context hierarchy
2018-02-02 11:31:52.907  INFO 996 --- [    Test worker] s.w.s.m.m.a.RequestMappingHandlerMapping : Mapped "{[/parking/car/out/{plate}],methods=[GET]}" onto public org.springframework.http.ResponseEntity<co.com.ceiba.parkinglotpaulo.domain.Car> co.com.ceiba.parkinglotpaulo.controller.CarController.getCarOut(java.lang.String) throws co.com.ceiba.parkinglotpaulo.utils.ParkingException,java.text.ParseException
2018-02-02 11:31:52.907  INFO 996 --- [    Test worker] s.w.s.m.m.a.RequestMappingHandlerMapping : Mapped "{[/parking/car/park/{plate}],methods=[GET]}" onto public org.springframework.http.ResponseEntity<co.com.ceiba.parkinglotpaulo.domain.Car> co.com.ceiba.parkinglotpaulo.controller.CarController.parkCar(java.lang.String) throws java.text.ParseException,co.com.ceiba.parkinglotpaulo.utils.ParkingException
2018-02-02 11:31:52.908  INFO 996 --- [    Test worker] s.w.s.m.m.a.RequestMappingHandlerMapping : Mapped "{[/parking/motorbike/park/{plate}/{cylinderCapacity}],methods=[GET]}" onto public org.springframework.http.ResponseEntity<co.com.ceiba.parkinglotpaulo.domain.Motorbike> co.com.ceiba.parkinglotpaulo.controller.MotorbikeController.parkMotorbike(java.lang.String,int) throws java.text.ParseException,co.com.ceiba.parkinglotpaulo.utils.ParkingException
2018-02-02 11:31:52.909  INFO 996 --- [    Test worker] s.w.s.m.m.a.RequestMappingHandlerMapping : Mapped "{[/parking/motorbike/out/{plate}],methods=[GET]}" onto public org.springframework.http.ResponseEntity<co.com.ceiba.parkinglotpaulo.domain.Motorbike> co.com.ceiba.parkinglotpaulo.controller.MotorbikeController.getMotorbikeOut(java.lang.String) throws co.com.ceiba.parkinglotpaulo.utils.ParkingException,java.text.ParseException
2018-02-02 11:31:52.910  INFO 996 --- [    Test worker] s.w.s.m.m.a.RequestMappingHandlerMapping : Mapped "{[/error]}" onto public org.springframework.http.ResponseEntity<java.util.Map<java.lang.String, java.lang.Object>> org.springframework.boot.autoconfigure.web.BasicErrorController.error(javax.servlet.http.HttpServletRequest)
2018-02-02 11:31:52.910  INFO 996 --- [    Test worker] s.w.s.m.m.a.RequestMappingHandlerMapping : Mapped "{[/error],produces=[text/html]}" onto public org.springframework.web.servlet.ModelAndView org.springframework.boot.autoconfigure.web.BasicErrorController.errorHtml(javax.servlet.http.HttpServletRequest,javax.servlet.http.HttpServletResponse)
2018-02-02 11:31:52.944  INFO 996 --- [    Test worker] o.s.w.s.handler.SimpleUrlHandlerMapping  : Mapped URL path [/webjars/**] onto handler of type [class org.springframework.web.servlet.resource.ResourceHttpRequestHandler]
2018-02-02 11:31:52.944  INFO 996 --- [    Test worker] o.s.w.s.handler.SimpleUrlHandlerMapping  : Mapped URL path [/**] onto handler of type [class org.springframework.web.servlet.resource.ResourceHttpRequestHandler]
2018-02-02 11:31:52.960  INFO 996 --- [    Test worker] .m.m.a.ExceptionHandlerExceptionResolver : Detected @ExceptionHandler methods in restResponseEntityExceptionHandler
2018-02-02 11:31:52.984  INFO 996 --- [    Test worker] o.s.w.s.handler.SimpleUrlHandlerMapping  : Mapped URL path [/**/favicon.ico] onto handler of type [class org.springframework.web.servlet.resource.ResourceHttpRequestHandler]
2018-02-02 11:31:53.196  INFO 996 --- [    Test worker] c.c.c.p.service.CarServiceUnitTests      : Started CarServiceUnitTests in 1.776 seconds (JVM running for 12.087)
]]></system-out>
  <system-err><![CDATA[]]></system-err>
</testsuite>
