<?xml version="1.0" encoding="UTF-8"?>
<testsuite name="co.com.ceiba.parkinglotpaulo.service.MotorbikeServiceUnitTests" tests="6" skipped="0" failures="0" errors="0" timestamp="2018-02-01T14:29:23" hostname="PAULO-GARCIA" time="0.038">
  <properties/>
  <testcase name="canParkNonRestrictedMotorbike" classname="co.com.ceiba.parkinglotpaulo.service.MotorbikeServiceUnitTests" time="0.005"/>
  <testcase name="canGetOutParkedMotorbike" classname="co.com.ceiba.parkinglotpaulo.service.MotorbikeServiceUnitTests" time="0.005"/>
  <testcase name="cantGetOutNonParkedMotorbike" classname="co.com.ceiba.parkinglotpaulo.service.MotorbikeServiceUnitTests" time="0.004"/>
  <testcase name="plateBeginningInACantParkOutsideOfSundaysAndMondays" classname="co.com.ceiba.parkinglotpaulo.service.MotorbikeServiceUnitTests" time="0.005"/>
  <testcase name="cantParkAlreadyParkedMotorbike" classname="co.com.ceiba.parkinglotpaulo.service.MotorbikeServiceUnitTests" time="0.005"/>
  <testcase name="cantParkIfMotorbikePakingLotIsFull" classname="co.com.ceiba.parkinglotpaulo.service.MotorbikeServiceUnitTests" time="0.005"/>
  <system-out><![CDATA[2018-02-01 09:29:21.388  INFO 13144 --- [    Test worker] .b.t.c.SpringBootTestContextBootstrapper : Neither @ContextConfiguration nor @ContextHierarchy found for test class [co.com.ceiba.parkinglotpaulo.service.MotorbikeServiceUnitTests], using SpringBootContextLoader
2018-02-01 09:29:21.389  INFO 13144 --- [    Test worker] o.s.t.c.support.AbstractContextLoader    : Could not detect default resource locations for test class [co.com.ceiba.parkinglotpaulo.service.MotorbikeServiceUnitTests]: no resource found for suffixes {-context.xml, Context.groovy}.
2018-02-01 09:29:21.396  INFO 13144 --- [    Test worker] .b.t.c.SpringBootTestContextBootstrapper : Loaded default TestExecutionListener class names from location [META-INF/spring.factories]: [org.springframework.boot.test.mock.mockito.MockitoTestExecutionListener, org.springframework.boot.test.mock.mockito.ResetMocksTestExecutionListener, org.springframework.boot.test.autoconfigure.restdocs.RestDocsTestExecutionListener, org.springframework.boot.test.autoconfigure.web.client.MockRestServiceServerResetTestExecutionListener, org.springframework.boot.test.autoconfigure.web.servlet.MockMvcPrintOnlyOnFailureTestExecutionListener, org.springframework.boot.test.autoconfigure.web.servlet.WebDriverTestExecutionListener, org.springframework.test.context.web.ServletTestExecutionListener, org.springframework.test.context.support.DirtiesContextBeforeModesTestExecutionListener, org.springframework.test.context.support.DependencyInjectionTestExecutionListener, org.springframework.test.context.support.DirtiesContextTestExecutionListener, org.springframework.test.context.transaction.TransactionalTestExecutionListener, org.springframework.test.context.jdbc.SqlScriptsTestExecutionListener]
2018-02-01 09:29:21.398  INFO 13144 --- [    Test worker] .b.t.c.SpringBootTestContextBootstrapper : Using TestExecutionListeners: [org.springframework.test.context.web.ServletTestExecutionListener@25205060, org.springframework.test.context.support.DirtiesContextBeforeModesTestExecutionListener@7b9c945, org.springframework.boot.test.autoconfigure.SpringBootDependencyInjectionTestExecutionListener@6b82ad79, org.springframework.test.context.support.DirtiesContextTestExecutionListener@7657c2f8, org.springframework.test.context.transaction.TransactionalTestExecutionListener@51d32f02, org.springframework.test.context.jdbc.SqlScriptsTestExecutionListener@18e9279c, org.springframework.boot.test.autoconfigure.web.client.MockRestServiceServerResetTestExecutionListener@667ea89d, org.springframework.boot.test.autoconfigure.web.servlet.MockMvcPrintOnlyOnFailureTestExecutionListener@2e76e6a8, org.springframework.boot.test.autoconfigure.web.servlet.WebDriverTestExecutionListener@6695775b, org.springframework.boot.test.mock.mockito.MockitoTestExecutionListener@371169d2, org.springframework.boot.test.autoconfigure.restdocs.RestDocsTestExecutionListener@24b815ed, org.springframework.boot.test.mock.mockito.ResetMocksTestExecutionListener@3d62e474]

  .   ____          _            __ _ _
 /\\ / ___'_ __ _ _(_)_ __  __ _ \ \ \ \
( ( )\___ | '_ | '_| | '_ \/ _` | \ \ \ \
 \\/  ___)| |_)| | | | | || (_| |  ) ) ) )
  '  |____| .__|_| |_|_| |_\__, | / / / /
 =========|_|==============|___/=/_/_/_/
 :: Spring Boot ::        (v1.5.9.RELEASE)

2018-02-01 09:29:21.460  INFO 13144 --- [    Test worker] c.c.c.p.s.MotorbikeServiceUnitTests      : Starting MotorbikeServiceUnitTests on PAULO-GARCIA with PID 13144 (started by paulo.garcia in C:\Users\paulo.garcia\Documents\GitHub\parking-lot\Java\parking-lot-paulo)
2018-02-01 09:29:21.461  INFO 13144 --- [    Test worker] c.c.c.p.s.MotorbikeServiceUnitTests      : No active profile set, falling back to default profiles: default
2018-02-01 09:29:21.465  INFO 13144 --- [    Test worker] o.s.w.c.s.GenericWebApplicationContext   : Refreshing org.springframework.web.context.support.GenericWebApplicationContext@4cd8759: startup date [Thu Feb 01 09:29:21 COT 2018]; root of context hierarchy
2018-02-01 09:29:22.835  INFO 13144 --- [    Test worker] j.LocalContainerEntityManagerFactoryBean : Building JPA container EntityManagerFactory for persistence unit 'default'
2018-02-01 09:29:22.835  INFO 13144 --- [    Test worker] o.hibernate.jpa.internal.util.LogHelper  : HHH000204: Processing PersistenceUnitInfo [
	name: default
	...]
2018-02-01 09:29:22.850  INFO 13144 --- [    Test worker] org.hibernate.dialect.Dialect            : HHH000400: Using dialect: org.hibernate.dialect.MySQL5Dialect
2018-02-01 09:29:22.895  INFO 13144 --- [    Test worker] org.hibernate.tool.hbm2ddl.SchemaUpdate  : HHH000228: Running hbm2ddl schema update
2018-02-01 09:29:22.954  WARN 13144 --- [    Test worker] o.h.j.i.EntityManagerFactoryRegistry     : HHH000436: Entity manager factory name (default) is already registered.  If entity manager will be clustered or passivated, specify a unique value for property 'hibernate.ejb.entitymanager_factory_name'
2018-02-01 09:29:22.954  INFO 13144 --- [    Test worker] j.LocalContainerEntityManagerFactoryBean : Initialized JPA EntityManagerFactory for persistence unit 'default'
2018-02-01 09:29:23.026  INFO 13144 --- [    Test worker] o.h.h.i.QueryTranslatorFactoryInitiator  : HHH000397: Using ASTQueryTranslatorFactory
2018-02-01 09:29:23.373  INFO 13144 --- [    Test worker] s.w.s.m.m.a.RequestMappingHandlerAdapter : Looking for @ControllerAdvice: org.springframework.web.context.support.GenericWebApplicationContext@4cd8759: startup date [Thu Feb 01 09:29:21 COT 2018]; root of context hierarchy
2018-02-01 09:29:23.395  INFO 13144 --- [    Test worker] s.w.s.m.m.a.RequestMappingHandlerMapping : Mapped "{[/parking/car/park/{plate}],methods=[GET]}" onto public org.springframework.http.ResponseEntity<co.com.ceiba.parkinglotpaulo.domain.Car> co.com.ceiba.parkinglotpaulo.controller.CarController.parkCar(java.lang.String) throws java.text.ParseException,co.com.ceiba.parkinglotpaulo.utils.ParkingException
2018-02-01 09:29:23.395  INFO 13144 --- [    Test worker] s.w.s.m.m.a.RequestMappingHandlerMapping : Mapped "{[/parking/car/out/{plate}],methods=[GET]}" onto public org.springframework.http.ResponseEntity<co.com.ceiba.parkinglotpaulo.domain.Car> co.com.ceiba.parkinglotpaulo.controller.CarController.getCarOut(java.lang.String) throws co.com.ceiba.parkinglotpaulo.utils.ParkingException,java.text.ParseException
2018-02-01 09:29:23.399  INFO 13144 --- [    Test worker] s.w.s.m.m.a.RequestMappingHandlerMapping : Mapped "{[/parking/motorbike/out/{plate}],methods=[GET]}" onto public org.springframework.http.ResponseEntity<co.com.ceiba.parkinglotpaulo.domain.Motorbike> co.com.ceiba.parkinglotpaulo.controller.MotorbikeController.getMotorbikeOut(java.lang.String) throws co.com.ceiba.parkinglotpaulo.utils.ParkingException,java.text.ParseException
2018-02-01 09:29:23.400  INFO 13144 --- [    Test worker] s.w.s.m.m.a.RequestMappingHandlerMapping : Mapped "{[/parking/motorbike/park/{plate}/{cylinderCapacity}],methods=[GET]}" onto public org.springframework.http.ResponseEntity<co.com.ceiba.parkinglotpaulo.domain.Motorbike> co.com.ceiba.parkinglotpaulo.controller.MotorbikeController.parkMotorbike(java.lang.String,int) throws java.text.ParseException,co.com.ceiba.parkinglotpaulo.utils.ParkingException
2018-02-01 09:29:23.401  INFO 13144 --- [    Test worker] s.w.s.m.m.a.RequestMappingHandlerMapping : Mapped "{[/error]}" onto public org.springframework.http.ResponseEntity<java.util.Map<java.lang.String, java.lang.Object>> org.springframework.boot.autoconfigure.web.BasicErrorController.error(javax.servlet.http.HttpServletRequest)
2018-02-01 09:29:23.402  INFO 13144 --- [    Test worker] s.w.s.m.m.a.RequestMappingHandlerMapping : Mapped "{[/error],produces=[text/html]}" onto public org.springframework.web.servlet.ModelAndView org.springframework.boot.autoconfigure.web.BasicErrorController.errorHtml(javax.servlet.http.HttpServletRequest,javax.servlet.http.HttpServletResponse)
2018-02-01 09:29:23.430  INFO 13144 --- [    Test worker] o.s.w.s.handler.SimpleUrlHandlerMapping  : Mapped URL path [/webjars/**] onto handler of type [class org.springframework.web.servlet.resource.ResourceHttpRequestHandler]
2018-02-01 09:29:23.430  INFO 13144 --- [    Test worker] o.s.w.s.handler.SimpleUrlHandlerMapping  : Mapped URL path [/**] onto handler of type [class org.springframework.web.servlet.resource.ResourceHttpRequestHandler]
2018-02-01 09:29:23.447  INFO 13144 --- [    Test worker] .m.m.a.ExceptionHandlerExceptionResolver : Detected @ExceptionHandler methods in restResponseEntityExceptionHandler
2018-02-01 09:29:23.469  INFO 13144 --- [    Test worker] o.s.w.s.handler.SimpleUrlHandlerMapping  : Mapped URL path [/**/favicon.ico] onto handler of type [class org.springframework.web.servlet.resource.ResourceHttpRequestHandler]
2018-02-01 09:29:23.694  INFO 13144 --- [    Test worker] c.c.c.p.s.MotorbikeServiceUnitTests      : Started MotorbikeServiceUnitTests in 2.288 seconds (JVM running for 14.504)
]]></system-out>
  <system-err><![CDATA[]]></system-err>
</testsuite>
